[    0.000000] Linux version 4.15.0-177-generic (buildd@ubuntu) (gcc version 7.5.0 (Ubuntu 7.5.0-3ubuntu1~18.04)) #186-Ubuntu SMP Thu Apr 14 20:23:07 UTC 2022 (Ubuntu 4.15.0-177.186-generic 4.15.18)
[    0.000000] Command line: BOOT_IMAGE=/boot/vmlinuz-4.15.0-177-generic root=LABEL=cloudimg-rootfs ro console=tty1 console=ttyS0
[    0.000000] KERNEL supported cpus:
[    0.000000]   Intel GenuineIntel
[    0.000000]   AMD AuthenticAMD
[    0.000000]   Centaur CentaurHauls
[    0.000000] x86/fpu: Supporting XSAVE feature 0x001: 'x87 floating point registers'
[    0.000000] x86/fpu: Supporting XSAVE feature 0x002: 'SSE registers'
[    0.000000] x86/fpu: Supporting XSAVE feature 0x004: 'AVX registers'
[    0.000000] x86/fpu: xstate_offset[2]:  576, xstate_sizes[2]:  256
[    0.000000] x86/fpu: Enabled xstate features 0x7, context size is 832 bytes, using 'standard' format.
[    0.000000] e820: BIOS-provided physical RAM map:
[    0.000000] BIOS-e820: [mem 0x0000000000000000-0x000000000009fbff] usable
[    0.000000] BIOS-e820: [mem 0x000000000009fc00-0x000000000009ffff] reserved
[    0.000000] BIOS-e820: [mem 0x00000000000f0000-0x00000000000fffff] reserved
[    0.000000] BIOS-e820: [mem 0x0000000000100000-0x00000000429effff] usable
[    0.000000] BIOS-e820: [mem 0x00000000429f0000-0x00000000429fffff] ACPI data
[    0.000000] BIOS-e820: [mem 0x00000000fec00000-0x00000000fec00fff] reserved
[    0.000000] BIOS-e820: [mem 0x00000000fee00000-0x00000000fee00fff] reserved
[    0.000000] BIOS-e820: [mem 0x00000000fffc0000-0x00000000ffffffff] reserved
[    0.000000] NX (Execute Disable) protection: active
[    0.000000] SMBIOS 2.5 present.
[    0.000000] DMI: innotek GmbH VirtualBox/VirtualBox, BIOS VirtualBox 12/01/2006
[    0.000000] Hypervisor detected: KVM
[    0.000000] e820: last_pfn = 0x429f0 max_arch_pfn = 0x400000000
[    0.000000] MTRR: Disabled
[    0.000000] x86/PAT: MTRRs disabled, skipping PAT initialization too.
[    0.000000] CPU MTRRs all blank - virtualized system.
[    0.000000] x86/PAT: Configuration [0-7]: WB  WT  UC- UC  WB  WT  UC- UC  
[    0.000000] found SMP MP-table at [mem 0x0009fff0-0x0009ffff]
[    0.000000] Scanning 1 areas for low memory corruption
[    0.000000] RAMDISK: [mem 0x359cb000-0x36cdcfff]
[    0.000000] ACPI: Early table checksum verification disabled
[    0.000000] ACPI: RSDP 0x00000000000E0000 000024 (v02 VBOX  )
[    0.000000] ACPI: XSDT 0x00000000429F0030 00003C (v01 VBOX   VBOXXSDT 00000001 ASL  00000061)
[    0.000000] ACPI: FACP 0x00000000429F00F0 0000F4 (v04 VBOX   VBOXFACP 00000001 ASL  00000061)
[    0.000000] ACPI: DSDT 0x00000000429F0470 002325 (v02 VBOX   VBOXBIOS 00000002 INTL 20120111)
[    0.000000] ACPI: FACS 0x00000000429F0200 000040
[    0.000000] ACPI: FACS 0x00000000429F0200 000040
[    0.000000] ACPI: APIC 0x00000000429F0240 00005C (v02 VBOX   VBOXAPIC 00000001 ASL  00000061)
[    0.000000] ACPI: SSDT 0x00000000429F02A0 0001CC (v01 VBOX   VBOXCPUT 00000002 INTL 20120111)
[    0.000000] ACPI: Reserving FACP table memory at [mem 0x429f00f0-0x429f01e3]
[    0.000000] ACPI: Reserving DSDT table memory at [mem 0x429f0470-0x429f2794]
[    0.000000] ACPI: Reserving FACS table memory at [mem 0x429f0200-0x429f023f]
[    0.000000] ACPI: Reserving FACS table memory at [mem 0x429f0200-0x429f023f]
[    0.000000] ACPI: Reserving APIC table memory at [mem 0x429f0240-0x429f029b]
[    0.000000] ACPI: Reserving SSDT table memory at [mem 0x429f02a0-0x429f046b]
[    0.000000] No NUMA configuration found
[    0.000000] Faking a node at [mem 0x0000000000000000-0x00000000429effff]
[    0.000000] NODE_DATA(0) allocated [mem 0x429c5000-0x429effff]
[    0.000000] kvm-clock: cpu 0, msr 0:42944001, primary cpu clock
[    0.000000] kvm-clock: Using msrs 4b564d01 and 4b564d00
[    0.000000] kvm-clock: using sched offset of 5273581490 cycles
[    0.000000] clocksource: kvm-clock: mask: 0xffffffffffffffff max_cycles: 0x1cd42e4dffb, max_idle_ns: 881590591483 ns
[    0.000000] Zone ranges:
[    0.000000]   DMA      [mem 0x0000000000001000-0x0000000000ffffff]
[    0.000000]   DMA32    [mem 0x0000000001000000-0x00000000429effff]
[    0.000000]   Normal   empty
[    0.000000]   Device   empty
[    0.000000] Movable zone start for each node
[    0.000000] Early memory node ranges
[    0.000000]   node   0: [mem 0x0000000000001000-0x000000000009efff]
[    0.000000]   node   0: [mem 0x0000000000100000-0x00000000429effff]
[    0.000000] Reserved but unavailable: 104 pages
[    0.000000] Initmem setup node 0 [mem 0x0000000000001000-0x00000000429effff]
[    0.000000] ACPI: PM-Timer IO Port: 0x4008
[    0.000000] IOAPIC[0]: apic_id 2, version 32, address 0xfec00000, GSI 0-23
[    0.000000] ACPI: INT_SRC_OVR (bus 0 bus_irq 0 global_irq 2 dfl dfl)
[    0.000000] ACPI: INT_SRC_OVR (bus 0 bus_irq 9 global_irq 9 low level)
[    0.000000] Using ACPI (MADT) for SMP configuration information
[    0.000000] smpboot: Allowing 2 CPUs, 0 hotplug CPUs
[    0.000000] PM: Registered nosave memory: [mem 0x00000000-0x00000fff]
[    0.000000] PM: Registered nosave memory: [mem 0x0009f000-0x0009ffff]
[    0.000000] PM: Registered nosave memory: [mem 0x000a0000-0x000effff]
[    0.000000] PM: Registered nosave memory: [mem 0x000f0000-0x000fffff]
[    0.000000] e820: [mem 0x42a00000-0xfebfffff] available for PCI devices
[    0.000000] Booting paravirtualized kernel on KVM
[    0.000000] clocksource: refined-jiffies: mask: 0xffffffff max_cycles: 0xffffffff, max_idle_ns: 7645519600211568 ns
[    0.000000] random: get_random_bytes called from start_kernel+0x99/0x500 with crng_init=0
[    0.000000] setup_percpu: NR_CPUS:8192 nr_cpumask_bits:2 nr_cpu_ids:2 nr_node_ids:1
[    0.000000] percpu: Embedded 50 pages/cpu s167936 r8192 d28672 u1048576
[    0.000000] PV qspinlock hash table entries: 256 (order: 0, 4096 bytes)
[    0.000000] Built 1 zonelists, mobility grouping on.  Total pages: 268497
[    0.000000] Policy zone: DMA32
[    0.000000] Kernel command line: BOOT_IMAGE=/boot/vmlinuz-4.15.0-177-generic root=LABEL=cloudimg-rootfs ro console=tty1 console=ttyS0
[    0.000000] Memory: 1023608K/1091128K available (12300K kernel code, 2484K rwdata, 4324K rodata, 2468K init, 2724K bss, 67520K reserved, 0K cma-reserved)
[    0.000000] SLUB: HWalign=64, Order=0-3, MinObjects=0, CPUs=2, Nodes=1
[    0.000000] Kernel/User page tables isolation: enabled
[    0.000000] ftrace: allocating 39506 entries in 155 pages
[    0.004000] Hierarchical RCU implementation.
[    0.004000] 	RCU restricting CPUs from NR_CPUS=8192 to nr_cpu_ids=2.
[    0.004000] 	Tasks RCU enabled.
[    0.004000] RCU: Adjusting geometry for rcu_fanout_leaf=16, nr_cpu_ids=2
[    0.004000] NR_IRQS: 524544, nr_irqs: 440, preallocated irqs: 16
[    0.004000] Console: colour VGA+ 80x25
[    0.004000] console [tty1] enabled
[    0.004000] console [ttyS0] enabled
[    0.004000] ACPI: Core revision 20170831
[    0.004000] ACPI: 2 ACPI AML tables successfully acquired and loaded
[    0.004000] APIC: Switch to symmetric I/O mode setup
[    0.004000] x2apic enabled
[    0.004000] Switched APIC routing to physical x2apic.
[    0.007698] ..TIMER: vector=0x30 apic1=0 pin1=2 apic2=-1 pin2=-1
[    0.008004] tsc: Detected 2194.918 MHz processor
[    0.012015] Calibrating delay loop (skipped) preset value.. 4389.83 BogoMIPS (lpj=8779672)
[    0.014391] pid_max: default: 32768 minimum: 301
[    0.016043] Security Framework initialized
[    0.017377] Yama: becoming mindful.
[    0.018601] AppArmor: AppArmor initialized
[    0.022096] Dentry cache hash table entries: 262144 (order: 9, 2097152 bytes)
[    0.025844] Inode-cache hash table entries: 131072 (order: 8, 1048576 bytes)
[    0.028050] Mount-cache hash table entries: 4096 (order: 3, 32768 bytes)
[    0.032015] Mountpoint-cache hash table entries: 4096 (order: 3, 32768 bytes)
[    0.036295] Last level iTLB entries: 4KB 1024, 2MB 1024, 4MB 1024
[    0.040005] Last level dTLB entries: 4KB 1024, 2MB 1024, 4MB 1024, 1GB 4
[    0.044008] Spectre V1 : Mitigation: usercopy/swapgs barriers and __user pointer sanitization
[    0.048005] Spectre V2 : Mitigation: Retpolines
[    0.049297] Spectre V2 : Spectre v2 / SpectreRSB mitigation: Filling RSB on context switch
[    0.052004] Speculative Store Bypass: Vulnerable
[    0.053198] SRBDS: Unknown: Dependent on hypervisor status
[    0.056002] MDS: Mitigation: Clear CPU buffers
[    0.060223] Freeing SMP alternatives memory: 36K
[    0.172985] smpboot: CPU0: Intel(R) Core(TM) i7-4770HQ CPU @ 2.20GHz (family: 0x6, model: 0x46, stepping: 0x1)
[    0.176111] Performance Events: unsupported p6 CPU model 70 no PMU driver, software events only.
[    0.180082] Hierarchical SRCU implementation.
[    0.185070] NMI watchdog: Perf event create on CPU 0 failed with -2
[    0.188009] NMI watchdog: Perf NMI watchdog permanently disabled
[    0.192082] smp: Bringing up secondary CPUs ...
[    0.193853] x86: Booting SMP configuration:
[    0.196007] .... node  #0, CPUs:      #1
[    0.004000] kvm-clock: cpu 1, msr 0:42944041, secondary cpu clock
[    0.204047] smp: Brought up 1 node, 2 CPUs
[    0.205196] smpboot: Max logical packages: 1
[    0.206326] smpboot: Total of 2 processors activated (8779.67 BogoMIPS)
[    0.208234] devtmpfs: initialized
[    0.209368] x86/mm: Memory block size: 128MB
[    0.212162] evm: security.selinux
[    0.213416] evm: security.SMACK64
[    0.215133] evm: security.SMACK64EXEC
[    0.216006] evm: security.SMACK64TRANSMUTE
[    0.217553] evm: security.SMACK64MMAP
[    0.220004] evm: security.apparmor
[    0.221821] evm: security.ima
[    0.224007] evm: security.capability
[    0.228117] clocksource: jiffies: mask: 0xffffffff max_cycles: 0xffffffff, max_idle_ns: 7645041785100000 ns
[    0.232080] futex hash table entries: 512 (order: 3, 32768 bytes)
[    0.236065] pinctrl core: initialized pinctrl subsystem
[    0.240508] RTC time: 14:18:51, date: 05/24/22
[    0.244306] NET: Registered protocol family 16
[    0.248885] audit: initializing netlink subsys (disabled)
[    0.252186] audit: type=2000 audit(1653401938.070:1): state=initialized audit_enabled=0 res=1
[    0.256087] cpuidle: using governor ladder
[    0.260022] cpuidle: using governor menu
[    0.264255] ACPI: bus type PCI registered
[    0.268007] acpiphp: ACPI Hot Plug PCI Controller Driver version: 0.5
[    0.273436] PCI: Using configuration type 1 for base access
[    0.293252] HugeTLB registered 2.00 MiB page size, pre-allocated 0 pages
[    0.300267] ACPI: Added _OSI(Module Device)
[    0.302736] ACPI: Added _OSI(Processor Device)
[    0.304012] ACPI: Added _OSI(3.0 _SCP Extensions)
[    0.308007] ACPI: Added _OSI(Processor Aggregator Device)
[    0.312054] ACPI: Added _OSI(Linux-Dell-Video)
[    0.314139] ACPI: Added _OSI(Linux-Lenovo-NV-HDMI-Audio)
[    0.316005] ACPI: Added _OSI(Linux-HPI-Hybrid-Graphics)
[    0.317902] ACPI: Executed 1 blocks of module-level executable AML code
[    0.324096] ACPI: Interpreter enabled
[    0.325999] ACPI: (supports S0 S5)
[    0.327045] ACPI: Using IOAPIC for interrupt routing
[    0.328324] PCI: Using host bridge windows from ACPI; if necessary, use "pci=nocrs" and report a bug
[    0.331208] ACPI: Enabled 2 GPEs in block 00 to 07
[    0.344289] ACPI: PCI Root Bridge [PCI0] (domain 0000 [bus 00-ff])
[    0.347632] acpi PNP0A03:00: _OSC: OS supports [ASPM ClockPM Segments MSI]
[    0.348785] acpi PNP0A03:00: _OSC: not requesting OS control; OS requires [ExtendedConfig ASPM ClockPM MSI]
[    0.352041] acpi PNP0A03:00: fail to add MMCONFIG information, can't access extended PCI configuration space under this bridge.
[    0.356630] PCI host bridge to bus 0000:00
[    0.357763] pci_bus 0000:00: root bus resource [io  0x0000-0x0cf7 window]
[    0.360005] pci_bus 0000:00: root bus resource [io  0x0d00-0xffff window]
[    0.364026] pci_bus 0000:00: root bus resource [mem 0x000a0000-0x000bffff window]
[    0.368008] pci_bus 0000:00: root bus resource [mem 0x42a00000-0xfdffffff window]
[    0.370177] pci_bus 0000:00: root bus resource [bus 00-ff]
[    0.378174] pci 0000:00:01.1: legacy IDE quirk: reg 0x10: [io  0x01f0-0x01f7]
[    0.380005] pci 0000:00:01.1: legacy IDE quirk: reg 0x14: [io  0x03f6]
[    0.384008] pci 0000:00:01.1: legacy IDE quirk: reg 0x18: [io  0x0170-0x0177]
[    0.387706] pci 0000:00:01.1: legacy IDE quirk: reg 0x1c: [io  0x0376]
[    0.414300] pci 0000:00:07.0: quirk: [io  0x4000-0x403f] claimed by PIIX4 ACPI
[    0.416000] pci 0000:00:07.0: quirk: [io  0x4100-0x410f] claimed by PIIX4 SMB
[    0.438087] ACPI: PCI Interrupt Link [LNKA] (IRQs 5 9 10 *11)
[    0.440525] ACPI: PCI Interrupt Link [LNKB] (IRQs 5 9 *10 11)
[    0.444164] ACPI: PCI Interrupt Link [LNKC] (IRQs 5 *9 10 11)
[    0.445897] ACPI: PCI Interrupt Link [LNKD] (IRQs 5 9 10 *11)
[    0.448614] SCSI subsystem initialized
[    0.451047] pci 0000:00:02.0: vgaarb: setting as boot VGA device
[    0.451047] pci 0000:00:02.0: vgaarb: VGA device added: decodes=io+mem,owns=io+mem,locks=none
[    0.452013] pci 0000:00:02.0: vgaarb: bridge control possible
[    0.454559] vgaarb: loaded
[    0.456010] ACPI: bus type USB registered
[    0.457239] usbcore: registered new interface driver usbfs
[    0.458634] usbcore: registered new interface driver hub
[    0.460013] usbcore: registered new device driver usb
[    0.464038] EDAC MC: Ver: 3.0.0
[    0.468043] PCI: Using ACPI for IRQ routing
[    0.470378] NetLabel: Initializing
[    0.471420] NetLabel:  domain hash size = 128
[    0.472003] NetLabel:  protocols = UNLABELED CIPSOv4 CALIPSO
[    0.474409] NetLabel:  unlabeled traffic allowed by default
[    0.476120] clocksource: Switched to clocksource kvm-clock
[    0.496915] VFS: Disk quotas dquot_6.6.0
[    0.502444] VFS: Dquot-cache hash table entries: 512 (order 0, 4096 bytes)
[    0.504410] AppArmor: AppArmor Filesystem Enabled
[    0.506443] pnp: PnP ACPI init
[    0.508999] pnp: PnP ACPI: found 3 devices
[    0.520703] clocksource: acpi_pm: mask: 0xffffff max_cycles: 0xffffff, max_idle_ns: 2085701024 ns
[    0.530359] NET: Registered protocol family 2
[    0.541297] IP idents hash table entries: 32768 (order: 6, 262144 bytes)
[    0.545173] TCP established hash table entries: 16384 (order: 5, 131072 bytes)
[    0.547227] TCP bind hash table entries: 16384 (order: 6, 262144 bytes)
[    0.550764] TCP: Hash tables configured (established 16384 bind 16384)
[    0.553873] UDP hash table entries: 1024 (order: 3, 32768 bytes)
[    0.555551] UDP-Lite hash table entries: 1024 (order: 3, 32768 bytes)
[    0.557812] NET: Registered protocol family 1
[    0.560195] pci 0000:00:00.0: Limiting direct PCI/PCI transfers
[    0.568565] pci 0000:00:01.0: Activating ISA DMA hang workarounds
[    0.570888] pci 0000:00:02.0: Video device with shadowed ROM at [mem 0x000c0000-0x000dffff]
[    0.575376] Unpacking initramfs...
[    0.955794] Freeing initrd memory: 19528K
[    0.958119] clocksource: tsc: mask: 0xffffffffffffffff max_cycles: 0x1fa37202099, max_idle_ns: 440795206796 ns
[    0.967603] platform rtc_cmos: registered platform RTC device (no PNP device found)
[    0.971914] Scanning for low memory corruption every 60 seconds
[    0.974961] Initialise system trusted keyrings
[    0.977239] Key type blacklist registered
[    0.980339] workingset: timestamp_bits=36 max_order=18 bucket_order=0
[    0.988134] zbud: loaded
[    0.989356] squashfs: version 4.0 (2009/01/31) Phillip Lougher
[    0.991670] fuse init (API version 7.26)
[    0.998241] Key type asymmetric registered
[    1.001172] Asymmetric key parser 'x509' registered
[    1.002898] Block layer SCSI generic (bsg) driver version 0.4 loaded (major 246)
[    1.005189] io scheduler noop registered
[    1.006402] io scheduler deadline registered
[    1.007867] io scheduler cfq registered (default)
[    1.009905] ACPI: AC Adapter [AC] (on-line)
[    1.012976] input: Power Button as /devices/LNXSYSTM:00/LNXPWRBN:00/input/input0
[    1.014958] ACPI: Power Button [PWRF]
[    1.017965] input: Sleep Button as /devices/LNXSYSTM:00/LNXSLPBN:00/input/input1
[    1.020775] ACPI: Sleep Button [SLPF]
[    1.025098] Serial: 8250/16550 driver, 32 ports, IRQ sharing enabled
[    1.052992] 00:02: ttyS0 at I/O 0x3f8 (irq = 4, base_baud = 115200) is a 16550A
[    1.056231] ACPI: Battery Slot [BAT0] (battery present)
[    1.057367] Linux agpgart interface v0.103
[    1.061317] loop: module loaded
[    1.066906] scsi host0: ata_piix
[    1.068131] scsi host1: ata_piix
[    1.069494] ata1: PATA max UDMA/33 cmd 0x1f0 ctl 0x3f6 bmdma 0xd000 irq 14
[    1.071391] ata2: PATA max UDMA/33 cmd 0x170 ctl 0x376 bmdma 0xd008 irq 15
[    1.074503] tun: Universal TUN/TAP device driver, 1.6
[    1.076555] PPP generic driver version 2.4.2
[    1.078441] ehci_hcd: USB 2.0 'Enhanced' Host Controller (EHCI) Driver
[    1.081173] ehci-pci: EHCI PCI platform driver
[    1.083205] ehci-platform: EHCI generic platform driver
[    1.085724] ohci_hcd: USB 1.1 'Open' Host Controller (OHCI) Driver
[    1.088171] ohci-pci: OHCI PCI platform driver
[    1.089634] ohci-platform: OHCI generic platform driver
[    1.090911] uhci_hcd: USB Universal Host Controller Interface driver
[    1.092897] i8042: PNP: PS/2 Controller [PNP0303:PS2K,PNP0f03:PS2M] at 0x60,0x64 irq 1,12
[    1.096182] serio: i8042 KBD port at 0x60,0x64 irq 1
[    1.097579] serio: i8042 AUX port at 0x60,0x64 irq 12
[    1.099442] mousedev: PS/2 mouse device common for all mice
[    1.101222] input: AT Translated Set 2 keyboard as /devices/platform/i8042/serio0/input/input2
[    1.104554] rtc_cmos rtc_cmos: rtc core: registered rtc_cmos as rtc0
[    1.106262] rtc_cmos rtc_cmos: alarms up to one day, 114 bytes nvram
[    1.107922] i2c /dev entries driver
[    1.109800] device-mapper: uevent: version 1.0.3
[    1.111654] device-mapper: ioctl: 4.37.0-ioctl (2017-09-20) initialised: dm-devel@redhat.com
[    1.113988] ledtrig-cpu: registered to indicate activity on CPUs
[    1.117085] NET: Registered protocol family 10
[    1.124907] Segment Routing with IPv6
[    1.127241] NET: Registered protocol family 17
[    1.131651] Key type dns_resolver registered
[    1.135653] mce: Using 0 MCE banks
[    1.137153] RAS: Correctable Errors collector initialized.
[    1.138881] sched_clock: Marking stable (1137057217, 0)->(1604514924, -467457707)
[    1.141595] registered taskstats version 1
[    1.143313] Loading compiled-in X.509 certificates
[    1.148191] Loaded X.509 cert 'Build time autogenerated kernel key: bf7408fbf6fb1533149f8498a029058066c47156'
[    1.152523] Loaded X.509 cert 'Canonical Ltd. Live Patch Signing: 14df34d1a87cf37625abec039ef2bf521249b969'
[    1.156534] Loaded X.509 cert 'Canonical Ltd. Kernel Module Signing: 88f752e560a1e0737e31163a466ad7b70a850c19'
[    1.159270] blacklist: Loading compiled-in revocation X.509 certificates
[    1.161241] Loaded X.509 cert 'Canonical Ltd. Secure Boot Signing: 61482aa2830d0ab2ad5af10b7250da9033ddcef0'
[    1.163724] zswap: loaded using pool lzo/zbud
[    1.173346] Key type big_key registered
[    1.175431] Key type trusted registered
[    1.182287] Key type encrypted registered
[    1.185650] AppArmor: AppArmor sha1 policy hashing enabled
[    1.189979] ima: No TPM chip found, activating TPM-bypass! (rc=-19)
[    1.192034] ima: Allocated hash algorithm: sha1
[    1.194296] evm: HMAC attrs: 0x1
[    1.196083]   Magic number: 6:553:334
[    1.203802] tty tty55: hash matches
[    1.205090] rtc_cmos rtc_cmos: setting system clock to 2022-05-24 14:18:52 UTC (1653401932)
[    1.207381] BIOS EDD facility v0.16 2004-Jun-25, 0 devices found
[    1.208997] EDD information not available.
[    1.279824] Freeing unused kernel image memory: 2468K
[    2.252347] Write protecting the kernel read-only data: 20480k
[    2.255367] Freeing unused kernel image memory: 2008K
[    2.257268] Freeing unused kernel image memory: 1820K
[    2.265107] x86/mm: Checked W+X mappings: passed, no W+X pages found.
[    2.272129] x86/mm: Checking user space page tables
[    2.279469] x86/mm: Checked W+X mappings: passed, no W+X pages found.
Loading, please wait...
starting version 237
[    2.358869] e1000: Intel(R) PRO/1000 Network Driver - version 7.3.21-k8-NAPI
[    2.375012] e1000: Copyright (c) 1999-2006 Intel Corporation.
[    2.383388] Fusion MPT base driver 3.04.20
[    2.385541] Copyright (c) 1999-2008 LSI Corporation
[    2.397343] Fusion MPT SPI Host driver 3.04.20
[    2.416197] mptbase: ioc0: Initiating bringup
[    2.437202] AVX2 version of gcm_enc/dec engaged.
[    2.448076] AES CTR mode by8 optimization enabled
[    2.532785] ioc0: LSI53C1030 A0: Capabilities={Initiator}
[    2.972714] input: ImExPS/2 Generic Explorer Mouse as /devices/platform/i8042/serio1/input/input4
[    3.204263] scsi host2: ioc0: LSI53C1030 A0, FwRev=00000000h, Ports=1, MaxQ=256, IRQ=20
[    3.372943] scsi 2:0:0:0: Direct-Access     VBOX     HARDDISK         1.0  PQ: 0 ANSI: 5
[    3.412158] scsi target2:0:0: Beginning Domain Validation
[    3.416238] scsi target2:0:0: Domain Validation skipping write tests
[    3.418877] scsi target2:0:0: Ending Domain Validation
[    3.421353] scsi target2:0:0: asynchronous
[    3.423554] scsi 2:0:1:0: Direct-Access     VBOX     HARDDISK         1.0  PQ: 0 ANSI: 5
[    3.672168] scsi target2:0:1: Beginning Domain Validation
[    3.675508] random: fast init done
[    3.688855] scsi target2:0:1: Domain Validation skipping write tests
[    3.690929] scsi target2:0:1: Ending Domain Validation
[    3.692379] scsi target2:0:1: asynchronous
[    3.703212] sd 2:0:0:0: Attached scsi generic sg0 type 0
[    3.704550] sd 2:0:0:0: [sda] 83886080 512-byte logical blocks: (42.9 GB/40.0 GiB)
[    3.704826] sd 2:0:1:0: Attached scsi generic sg1 type 0
[    3.709981] sd 2:0:1:0: [sdb] 20480 512-byte logical blocks: (10.5 MB/10.0 MiB)
[    3.715217] sd 2:0:0:0: [sda] Write Protect is off
[    3.719745] sd 2:0:1:0: [sdb] Write Protect is off
[    3.722788] random: systemd-udevd: uninitialized urandom read (16 bytes read)
[    3.725941] sd 2:0:1:0: [sdb] Incomplete mode parameter data
[    3.729135] sd 2:0:1:0: [sdb] Assuming drive cache: write through
[    3.733734] random: systemd-udevd: uninitialized urandom read (16 bytes read)
[    3.737220] sd 2:0:0:0: [sda] Incomplete mode parameter data
[    3.740274] sd 2:0:0:0: [sda] Assuming drive cache: write through
[    3.743698] random: systemd-udevd: uninitialized urandom read (16 bytes read)
[    3.752703]  sda: sda1
[    3.754208] sd 2:0:1:0: [sdb] Attached SCSI disk
[    3.758446] sd 2:0:0:0: [sda] Attached SCSI disk
[    3.905693] e1000 0000:00:03.0 eth0: (PCI:33MHz:32-bit) 02:50:97:ae:47:44
[    3.907921] e1000 0000:00:03.0 eth0: Intel(R) PRO/1000 Network Connection
[    4.363487] e1000 0000:00:08.0 eth1: (PCI:33MHz:32-bit) 08:00:27:7d:c7:9c
[    4.369197] e1000 0000:00:08.0 eth1: Intel(R) PRO/1000 Network Connection
[    4.874614] e1000 0000:00:09.0 eth2: (PCI:33MHz:32-bit) 08:00:27:24:12:af
[    4.876361] e1000 0000:00:09.0 eth2: Intel(R) PRO/1000 Network Connection
[    4.880262] e1000 0000:00:09.0 enp0s9: renamed from eth2
[    4.901235] e1000 0000:00:03.0 enp0s3: renamed from eth0
[    4.916733] e1000 0000:00:08.0 enp0s8: renamed from eth1
Begin: Loading essential drivers ... [    6.420157] raid6: sse2x1   gen()  8818 MB/s
[    6.468081] raid6: sse2x1   xor()  5941 MB/s
[    6.516103] raid6: sse2x2   gen() 10633 MB/s
[    6.566180] raid6: sse2x2   xor()  6540 MB/s
[    6.616084] raid6: sse2x4   gen() 12421 MB/s
[    6.664051] raid6: sse2x4   xor()  7954 MB/s
[    6.718642] raid6: avx2x1   gen() 15242 MB/s
[    6.768058] raid6: avx2x1   xor()  9310 MB/s
[    6.816097] raid6: avx2x2   gen() 18811 MB/s
[    6.864181] raid6: avx2x2   xor() 10922 MB/s
[    6.912099] raid6: avx2x4   gen() 21362 MB/s
[    6.965162] raid6: avx2x4   xor()  9898 MB/s
[    6.969578] raid6: using algorithm avx2x4 gen() 21362 MB/s
[    6.977095] raid6: .... xor() 9898 MB/s, rmw enabled
[    6.988369] raid6: using avx2x2 recovery algorithm
[    6.995758] xor: automatically using best checksumming function   avx       
[    7.000424] async_tx: api initialized (async)
done.
Begin: Running /scripts/init-premount ... done.
Begin: Mounting root file system ... Begin: Running /scripts/local-top ... done.
Begin: Running /scripts/local-premount ... [    7.080626] Btrfs loaded, crc32c=crc32c-intel
Scanning for Btrfs filesystems
done.
Warning: fsck not present, so skipping root file system
[    7.121892] EXT4-fs (sda1): mounted filesystem with ordered data mode. Opts: (null)
done.
Begin: Running /scripts/local-bottom ... done.
Begin: Running /scripts/init-bottom ... done.
[    7.356711] ip_tables: (C) 2000-2006 Netfilter Core Team
[    7.376245] systemd[1]: systemd 237 running in system mode. (+PAM +AUDIT +SELINUX +IMA +APPARMOR +SMACK +SYSVINIT +UTMP +LIBCRYPTSETUP +GCRYPT +GNUTLS +ACL +XZ +LZ4 +SECCOMP +BLKID +ELFUTILS +KMOD -IDN2 +IDN -PCRE2 default-hierarchy=hybrid)
[    7.384941] systemd[1]: Detected virtualization oracle.
[    7.389019] systemd[1]: Detected architecture x86-64.

Welcome to [1mUbuntu 18.04.6 LTS[0m!

[    7.400674] systemd[1]: Set hostname to <ubuntu-bionic>.
[    7.809449] systemd[1]: Started Forward Password Requests to Wall Directory Watch.
[[0;32m  OK  [0m] Started Forward Password Requests to Wall Directory Watch.
[    7.815036] systemd[1]: Reached target System Time Synchronized.
[[0;32m  OK  [0m] Reached target System Time Synchronized.
[    7.832844] systemd[1]: Set up automount Arbitrary Executable File Formats File System Automount Point.
[[0;32m  OK  [0m] Set up automount Arbitrary Executab…rmats File System Automount Point.
[    7.840563] systemd[1]: Reached target User and Group Name Lookups.
[[0;32m  OK  [0m] Reached target User and Group Name Lookups.
[    7.856561] systemd[1]: Reached target Swap.
[[0;32m  OK  [0m] Reached target Swap.
[    7.882143] systemd[1]: Created slice User and Session Slice.
[[0;32m  OK  [0m] Created slice User and Session Slice.
[[0;32m  OK  [0m] Created slice System Slice.
[[0;32m  OK  [0m] Listening on Journal Audit Socket.
[[0;32m  OK  [0m] Listening on Network Service Netlink Socket.
[[0;32m  OK  [0m] Listening on Journal Socket (/dev/log).
[[0;32m  OK  [0m] Listening on fsck to fsckd communication Socket.
[[0;32m  OK  [0m] Listening on Syslog Socket.
[[0;32m  OK  [0m] Listening on LVM2 poll daemon socket.
[[0;32m  OK  [0m] Listening on Journal Socket.
[[0;32m  OK  [0m] Listening on udev Control Socket.
         Starting Create list of required st…ce nodes for the current kernel...
         Mounting Huge Pages File System...
         Starting Set the console keyboard layout...
[[0;32m  OK  [0m] Listening on Device-mapper event daemon FIFOs.
         Starting Load Kernel Modules...
         Mounting POSIX Message Queue File System...
         Mounting Kernel Debug File System...
         Starting Journal Service...
[    8.028198] Loading iSCSI transport class v2.0-870.
[[0;32m  OK  [0m] Listening on udev Kernel Socket.
         Starting udev Coldplug all Devices...
[[0;32m  OK  [0m] Listening on LVM2 metadata daemon socket.
         Starting Monitoring of LVM2 mirrors…ng dmeventd or progress polling...
[[0;32m  OK  [0m] Listening on /dev/initctl Compatibility Named Pipe.
         Starting Uncomplicated firewall...
[[0;32m  OK  [0m] Reached target Slices.
         Starting File System Check on Root Device...
[[0;32m  OK  [0m] Created slice system-serial\x2dgetty.slice.
[[0;32m  OK  [0m] Started Create list of required sta…vice nodes for the current kernel.
[[0;32m  OK  [0m] Mounted Huge Pages File System.
[[0;32m  OK  [0m] Mounted POSIX Message Queue File System.
[[0;32m  OK  [0m] Mounted Kernel Debug File System.
[[0;32m  OK  [0m] Started LVM2 metadata daemon.
         Starting Create Static Device Nodes in /dev...
[    8.181074] iscsi: registered transport (tcp)
[[0;32m  OK  [0m] Started Uncomplicated firewall.
[[0;32m  OK  [0m] Started udev Coldplug all Devices.
[[0;32m  OK  [0m] Started Journal Service.
[[0;32m  OK  [0m] Started Create Static Device Nodes in /dev.
[[0;32m  OK  [0m] Started File System Check Daemon to report status.
[[0;32m  OK  [0m] Started Monitoring of LVM2 mirrors,…sing dmeventd or progress polling.
[    8.330078] iscsi: registered transport (iser)
[[0;32m  OK  [0m] Started Load Kernel Modules.
         Mounting Kernel Configuration File System...
         Mounting FUSE Control File System...
         Starting Apply Kernel Variables...
[[0;32m  OK  [0m] Started Set the console keyboard layout.
[[0;32m  OK  [0m] Mounted Kernel Configuration File System.
[[0;32m  OK  [0m] Mounted FUSE Control File System.
[[0;32m  OK  [0m] Started File System Check on Root Device.
         Starting Remount Root and Kernel File Systems...
[[0;32m  OK  [0m] Started Apply Kernel Variables.
[[0;32m  OK  [0m] Started Remount Root and Kernel File Systems.
         Starting Load/Save Random Seed...
         Starting Flush Journal to Persistent Storage...
[[0;32m  OK  [0m] Reached target Local File Systems (Pre).
[[0;32m  OK  [0m] Reached target Local File Systems.
         Starting Tell Plymouth To Write Out Runtime Data...
         Starting Set console font and keymap...
         Starting ebtables ruleset management...
         Starting AppArmor initialization...
         Starting udev Kernel Device Manager...
[[0;32m  OK  [0m] Started Load/Save Random Seed.
[[0;32m  OK  [0m] Started Tell Plymouth To Write Out Runtime Data.
[[0;32m  OK  [0m] Started Set console font and keymap.
[[0;32m  OK  [0m] Started udev Kernel Device Manager.
[[0;32m  OK  [0m] Started Dispatch Password Requests to Console Directory Watch.
[[0;32m  OK  [0m] Reached target Local Encrypted Volumes.
[[0;32m  OK  [0m] Started ebtables ruleset management.
[[0;32m  OK  [0m] Started Flush Journal to Persistent Storage.
         Starting Create Volatile Files and Directories...
[[0;32m  OK  [0m] Started Create Volatile Files and Directories.
         Starting Update UTMP about System Boot/Shutdown...
[[0;32m  OK  [0m] Started Update UTMP about System Boot/Shutdown.
[[0;32m  OK  [0m] Started AppArmor initialization.
         Starting Load AppArmor profiles managed internally by snapd...
         Starting Initial cloud-init job (pre-networking)...
[[0;32m  OK  [0m] Started Load AppArmor profiles managed internally by snapd.
[[0;32m  OK  [0m] Found device /dev/ttyS0.
[[0;32m  OK  [0m] Listening on Load/Save RF Kill Switch Status /dev/rfkill Watch.
[   11.176951] cloud-init[523]: Cloud-init v. 22.1-14-g2e17a0d6-0ubuntu1~18.04.3 running 'init-local' at Tue, 24 May 2022 14:19:02 +0000. Up 10.96 seconds.
[[0;32m  OK  [0m] Started Initial cloud-init job (pre-networking).
[[0;32m  OK  [0m] Reached target Network (Pre).
         Starting Network Service...
[[0;32m  OK  [0m] Started Network Service.
         Starting Network Name Resolution...
         Starting Wait for Network to be Configured...
[[0;32m  OK  [0m] Started Network Name Resolution.
[[0;32m  OK  [0m] Reached target Network.
[[0;32m  OK  [0m] Reached target Host and Network Name Lookups.
[[0;32m  OK  [0m] Started Wait for Network to be Configured.
         Starting Initial cloud-init job (metadata service crawler)...
[   13.673556] cloud-init[673]: Cloud-init v. 22.1-14-g2e17a0d6-0ubuntu1~18.04.3 running 'init' at Tue, 24 May 2022 14:19:04 +0000. Up 13.41 seconds.
[   13.676645] cloud-init[673]: ci-info: ++++++++++++++++++++++++++++++++++++++Net device info+++++++++++++++++++++++++++++++++++++++
[   13.679659] cloud-init[673]: ci-info: +--------+------+-----------------------------+---------------+--------+-------------------+
[   13.682509] cloud-init[673]: ci-info: | Device |  Up  |           Address           |      Mask     | Scope  |     Hw-Address    |
[   13.686725] cloud-init[673]: ci-info: +--------+------+-----------------------------+---------------+--------+-------------------+
[   13.689483] cloud-init[673]: ci-info: | enp0s3 | True |          10.0.2.15          | 255.255.255.0 | global | 02:50:97:ae:47:44 |
[   13.691445] cloud-init[673]: ci-info: | enp0s3 | True |  fe80::50:97ff:feae:4744/64 |       .       |  link  | 02:50:97:ae:47:44 |
[   13.693392] cloud-init[673]: ci-info: | enp0s8 | True |         192.168.56.0        | 255.255.255.0 | global | 08:00:27:7d:c7:9c |
[   13.697575] cloud-init[673]: ci-info: | enp0s8 | True | fe80::a00:27ff:fe7d:c79c/64 |       .       |  link  | 08:00:27:7d:c7:9c |
[   13.700867] cloud-init[673]: ci-info: | enp0s9 | True |        192.168.68.104       | 255.255.255.0 | global | 08:00:27:24:12:af |
[   13.702838] cloud-init[673]: ci-info: | enp0s9 | True | fe80::a00:27ff:fe24:12af/64 |       .       |  link  | 08:00:27:24:12:af |
[   13.705128] cloud-init[673]: ci-info: |   lo   | True |          127.0.0.1          |   255.0.0.0   |  host  |         .         |
[   13.707707] cloud-init[673]: ci-info: |   lo   | True |           ::1/128           |       .       |  host  |         .         |
[   13.724264] cloud-init[673]: ci-info: +--------+------+-----------------------------+---------------+--------+-------------------+
[   13.736340] cloud-init[673]: ci-info: +++++++++++++++++++++++++++++++Route IPv4 info+++++++++++++++++++++++++++++++
[   13.738956] cloud-init[673]: ci-info: +-------+--------------+--------------+-----------------+-----------+-------+
[   13.741232] cloud-init[673]: ci-info: | Route | Destination  |   Gateway    |     Genmask     | Interface | Flags |
[   13.744590] cloud-init[673]: ci-info: +-------+--------------+--------------+-----------------+-----------+-------+
[   13.748225] cloud-init[673]: ci-info: |   0   |   0.0.0.0    |   10.0.2.2   |     0.0.0.0     |   enp0s3  |   UG  |
[   13.760784] cloud-init[673]: ci-info: |   1   |   0.0.0.0    | 192.168.68.1 |     0.0.0.0     |   enp0s9  |   UG  |
[   13.770243] cloud-init[673]: ci-info: |   2   |   10.0.2.0   |   0.0.0.0    |  255.255.255.0  |   enp0s3  |   U   |
[   13.772892] cloud-init[673]: ci-info: |   3   |   10.0.2.2   |   0.0.0.0    | 255.255.255.255 |   enp0s3  |   UH  |
[   13.775168] cloud-init[673]: ci-info: |   4   | 192.168.56.0 |   0.0.0.0    |  255.255.255.0  |   enp0s8  |   U   |
[   13.788383] cloud-init[673]: ci-info: |   5   | 192.168.68.0 |   0.0.0.0    |  255.255.255.0  |   enp0s9  |   U   |
[   13.791371] cloud-init[673]: ci-info: |   6   | 192.168.68.1 |   0.0.0.0    | 255.255.255.255 |   enp0s9  |   UH  |
[   13.793862] cloud-init[673]: ci-info: +-------+--------------+--------------+-----------------+-----------+-------+
[   13.799617] cloud-init[673]: ci-info: ++++++++++++++++++++++++++++Route IPv6 info++++++++++++++++++++++++++++
[   13.803616] cloud-init[673]: ci-info: +-------+-------------+---------------------------+-----------+-------+
[   13.806589] cloud-init[673]: ci-info: | Route | Destination |          Gateway          | Interface | Flags |
[   13.810107] cloud-init[673]: ci-info: +-------+-------------+---------------------------+-----------+-------+
[   13.813868] cloud-init[673]: ci-info: |   1   |  fe80::/64  |             ::            |   enp0s8  |   U   |
[   13.817537] cloud-init[673]: ci-info: |   2   |  fe80::/64  |             ::            |   enp0s9  |   U   |
[   13.825193] cloud-init[673]: ci-info: |   3   |  fe80::/64  |             ::            |   enp0s3  |   U   |
[   13.840385] cloud-init[673]: ci-info: |   4   |     ::/0    | fe80::c206:c3ff:fed8:9d04 |   enp0s9  |   UG  |
[   13.843356] cloud-init[673]: ci-info: |   6   |    local    |             ::            |   enp0s3  |   U   |
[   13.846379] cloud-init[673]: ci-info: |   7   |    local    |             ::            |   enp0s9  |   U   |
[   13.848953] cloud-init[673]: ci-info: |   8   |    local    |             ::            |   enp0s8  |   U   |
[   13.852171] cloud-init[673]: ci-info: |   9   |   ff00::/8  |             ::            |   enp0s8  |   U   |
[   13.854704] cloud-init[673]: ci-info: |   10  |   ff00::/8  |             ::            |   enp0s9  |   U   |
[   13.856227] cloud-init[673]: ci-info: |   11  |   ff00::/8  |             ::            |   enp0s3  |   U   |
[   13.858355] cloud-init[673]: ci-info: +-------+-------------+---------------------------+-----------+-------+
[[0;32m  OK  [0m] Started Initial cloud-init job (metadata service crawler).
[[0;32m  OK  [0m] Reached target Cloud-config availability.
[[0;32m  OK  [0m] Reached target System Initialization.
[[0;32m  OK  [0m] Listening on cloud-init hotplug hook socket.
[[0;32m  OK  [0m] Started Ubuntu Advantage Timer for running repeated jobs.
[[0;32m  OK  [0m] Started Trigger to poll for Ubuntu …(Only enabled on GCP LTS non-pro).
[[0;32m  OK  [0m] Listening on ACPID Listen Socket.
[[0;32m  OK  [0m] Listening on Open-iSCSI iscsid Socket.
[[0;32m  OK  [0m] Started Daily Cleanup of Temporary Directories.
         Starting Socket activation for snappy daemon.
[[0;32m  OK  [0m] Started ACPI Events Check.
[[0;32m  OK  [0m] Reached target Paths.
[[0;32m  OK  [0m] Started Message of the Day.
[[0;32m  OK  [0m] Listening on D-Bus System Message Bus Socket.
[[0;32m  OK  [0m] Started Discard unused blocks once a week.
[[0;32m  OK  [0m] Listening on UUID daemon activation socket.
[[0;32m  OK  [0m] Started Daily apt download activities.
[[0;32m  OK  [0m] Started Daily apt upgrade and clean activities.
[[0;32m  OK  [0m] Reached target Timers.
         Starting LXD - unix socket.
[[0;32m  OK  [0m] Reached target Network is Online.
[[0;32m  OK  [0m] Reached target Remote File Systems (Pre).
         Mounting /vagrant...
         Starting Availability of block devices...
[[0;32m  OK  [0m] Listening on Socket activation for snappy daemon.
[[0;32m  OK  [0m] Listening on LXD - unix socket.
[[0;32m  OK  [0m] Started Availability of block devices.
[[0;32m  OK  [0m] Reached target Sockets.
[[0;32m  OK  [0m] Reached target Basic System.
[[0;32m  OK  [0m] Started FUSE filesystem for LXC.
         Starting LSB: Record successful boot for GRUB...
         Starting Login Service...
         Starting Dispatcher daemon for systemd-networkd...
[[0;32m  OK  [0m] Started irqbalance daemon.
[[0;32m  OK  [0m] Started D-Bus System Message Bus.
[[0;32m  OK  [0m] Started Login Service.
         Starting Virtualbox guest utils...
[[0;32m  OK  [0m] Started Deferred execution scheduler.
[[0;32m  OK  [0m] Started Regular background program processing daemon.
         Starting Accounts Service...
         Starting System Logging Service...
[[0;32m  OK  [0m] Started Unattended Upgrades Shutdown.
         Starting LXD - container startup/shutdown...
         Starting OpenBSD Secure Shell server...
         Starting Snap Daemon...
[[0;32m  OK  [0m] Started System Logging Service.
[[0;32m  OK  [0m] Started Dispatcher daemon for systemd-networkd.
[[0;32m  OK  [0m] Mounted /vagrant.
[[0;32m  OK  [0m] Started LXD - container startup/shutdown.
         Starting Authorization Manager...
[[0;32m  OK  [0m] Reached target Remote File Systems.
         Starting Permit User Sessions...
         Starting LSB: automatic crash report generation...
[[0;32m  OK  [0m] Started OpenBSD Secure Shell server.
[[0;32m  OK  [0m] Started Authorization Manager.
[[0;32m  OK  [0m] Started Accounts Service.
[[0;32m  OK  [0m] Started Permit User Sessions.
         Starting Hold until boot process finishes up...
         Starting Terminate Plymouth Boot Screen...
[[0;32m  OK  [0m] Started Hold until boot process finishes up.
[[0;32m  OK  [0m] Started Terminate Plymouth Boot Screen.
[[0;32m  OK  [0m] Started Serial Getty on ttyS0.
         Starting Set console scheme...
[[0;32m  OK  [0m] Started LSB: Record successful boot for GRUB.
[[0;32m  OK  [0m] Started Virtualbox guest utils.
[[0;32m  OK  [0m] Started Set console scheme.
[[0;32m  OK  [0m] Created slice system-getty.slice.
[[0;32m  OK  [0m] Started Getty on tty1.
[[0;32m  OK  [0m] Reached target Login Prompts.
[[0;32m  OK  [0m] Started LSB: automatic crash report generation.
[[0;32m  OK  [0m] Started Snap Daemon.
         Starting Wait until snapd is fully seeded...
         Starting Time & Date Service...
[[0;32m  OK  [0m] Started Time & Date Service.
[[0;32m  OK  [0m] Started Wait until snapd is fully seeded.
         Starting Apply the settings specified in cloud-config...
[[0;32m  OK  [0m] Reached target Multi-User System.
[[0;32m  OK  [0m] Reached target Graphical Interface.
         Starting Update UTMP about System Runlevel Changes...
[[0;32m  OK  [0m] Started Update UTMP about System Runlevel Changes.
[   16.103793] cloud-init[1076]: Cloud-init v. 22.1-14-g2e17a0d6-0ubuntu1~18.04.3 running 'modules:config' at Tue, 24 May 2022 14:19:07 +0000. Up 15.97 seconds.
[[0;32m  OK  [0m] Started Apply the settings specified in cloud-config.
         Starting Execute cloud user/final scripts...
[   16.850608] cloud-init[1108]: Cloud-init v. 22.1-14-g2e17a0d6-0ubuntu1~18.04.3 running 'modules:final' at Tue, 24 May 2022 14:19:08 +0000. Up 16.70 seconds.
[   16.856867] cloud-init[1108]: Cloud-init v. 22.1-14-g2e17a0d6-0ubuntu1~18.04.3 finished at Tue, 24 May 2022 14:19:08 +0000. Datasource DataSourceNoCloud [seed=/dev/sdb][dsmode=net].  Up 16.83 seconds
[[0;32m  OK  [0m] Started Execute cloud user/final scripts.
[[0;32m  OK  [0m] Reached target Cloud-init target.

Ubuntu 18.04.6 LTS ubuntu-bionic ttyS0

ubuntu-bionic login: [ 7407.116481] e1000 0000:00:09.0 enp0s9: Reset adapter
[ 8273.468833] e1000 0000:00:09.0 enp0s9: Reset adapter
[ 9058.998836] e1000 0000:00:09.0 enp0s9: Reset adapter
