[    0.000000] Linux version 4.15.0-177-generic (buildd@ubuntu) (gcc version 7.5.0 (Ubuntu 7.5.0-3ubuntu1~18.04)) #186-Ubuntu SMP Thu Apr 14 20:23:07 UTC 2022 (Ubuntu 4.15.0-177.186-generic 4.15.18)
[    0.000000] Command line: BOOT_IMAGE=/boot/vmlinuz-4.15.0-177-generic root=LABEL=cloudimg-rootfs ro console=tty1 console=ttyS0
[    0.000000] KERNEL supported cpus:
[    0.000000]   Intel GenuineIntel
[    0.000000]   AMD AuthenticAMD
[    0.000000]   Centaur CentaurHauls
[    0.000000] x86/fpu: Supporting XSAVE feature 0x001: 'x87 floating point registers'
[    0.000000] x86/fpu: Supporting XSAVE feature 0x002: 'SSE registers'
[    0.000000] x86/fpu: Supporting XSAVE feature 0x004: 'AVX registers'
[    0.000000] x86/fpu: xstate_offset[2]:  576, xstate_sizes[2]:  256
[    0.000000] x86/fpu: Enabled xstate features 0x7, context size is 832 bytes, using 'standard' format.
[    0.000000] e820: BIOS-provided physical RAM map:
[    0.000000] BIOS-e820: [mem 0x0000000000000000-0x000000000009fbff] usable
[    0.000000] BIOS-e820: [mem 0x000000000009fc00-0x000000000009ffff] reserved
[    0.000000] BIOS-e820: [mem 0x00000000000f0000-0x00000000000fffff] reserved
[    0.000000] BIOS-e820: [mem 0x0000000000100000-0x000000003ffeffff] usable
[    0.000000] BIOS-e820: [mem 0x000000003fff0000-0x000000003fffffff] ACPI data
[    0.000000] BIOS-e820: [mem 0x00000000fec00000-0x00000000fec00fff] reserved
[    0.000000] BIOS-e820: [mem 0x00000000fee00000-0x00000000fee00fff] reserved
[    0.000000] BIOS-e820: [mem 0x00000000fffc0000-0x00000000ffffffff] reserved
[    0.000000] NX (Execute Disable) protection: active
[    0.000000] SMBIOS 2.5 present.
[    0.000000] DMI: innotek GmbH VirtualBox/VirtualBox, BIOS VirtualBox 12/01/2006
[    0.000000] Hypervisor detected: KVM
[    0.000000] e820: last_pfn = 0x3fff0 max_arch_pfn = 0x400000000
[    0.000000] MTRR: Disabled
[    0.000000] x86/PAT: MTRRs disabled, skipping PAT initialization too.
[    0.000000] CPU MTRRs all blank - virtualized system.
[    0.000000] x86/PAT: Configuration [0-7]: WB  WT  UC- UC  WB  WT  UC- UC  
[    0.000000] found SMP MP-table at [mem 0x0009fff0-0x0009ffff]
[    0.000000] Scanning 1 areas for low memory corruption
[    0.000000] RAMDISK: [mem 0x359cb000-0x36cdcfff]
[    0.000000] ACPI: Early table checksum verification disabled
[    0.000000] ACPI: RSDP 0x00000000000E0000 000024 (v02 VBOX  )
[    0.000000] ACPI: XSDT 0x000000003FFF0030 00003C (v01 VBOX   VBOXXSDT 00000001 ASL  00000061)
[    0.000000] ACPI: FACP 0x000000003FFF00F0 0000F4 (v04 VBOX   VBOXFACP 00000001 ASL  00000061)
[    0.000000] ACPI: DSDT 0x000000003FFF0470 002325 (v02 VBOX   VBOXBIOS 00000002 INTL 20120111)
[    0.000000] ACPI: FACS 0x000000003FFF0200 000040
[    0.000000] ACPI: FACS 0x000000003FFF0200 000040
[    0.000000] ACPI: APIC 0x000000003FFF0240 00005C (v02 VBOX   VBOXAPIC 00000001 ASL  00000061)
[    0.000000] ACPI: SSDT 0x000000003FFF02A0 0001CC (v01 VBOX   VBOXCPUT 00000002 INTL 20120111)
[    0.000000] ACPI: Reserving FACP table memory at [mem 0x3fff00f0-0x3fff01e3]
[    0.000000] ACPI: Reserving DSDT table memory at [mem 0x3fff0470-0x3fff2794]
[    0.000000] ACPI: Reserving FACS table memory at [mem 0x3fff0200-0x3fff023f]
[    0.000000] ACPI: Reserving FACS table memory at [mem 0x3fff0200-0x3fff023f]
[    0.000000] ACPI: Reserving APIC table memory at [mem 0x3fff0240-0x3fff029b]
[    0.000000] ACPI: Reserving SSDT table memory at [mem 0x3fff02a0-0x3fff046b]
[    0.000000] No NUMA configuration found
[    0.000000] Faking a node at [mem 0x0000000000000000-0x000000003ffeffff]
[    0.000000] NODE_DATA(0) allocated [mem 0x3ffc5000-0x3ffeffff]
[    0.000000] kvm-clock: cpu 0, msr 0:3ff44001, primary cpu clock
[    0.000000] kvm-clock: Using msrs 4b564d01 and 4b564d00
[    0.000000] kvm-clock: using sched offset of 5426005382 cycles
[    0.000000] clocksource: kvm-clock: mask: 0xffffffffffffffff max_cycles: 0x1cd42e4dffb, max_idle_ns: 881590591483 ns
[    0.000000] Zone ranges:
[    0.000000]   DMA      [mem 0x0000000000001000-0x0000000000ffffff]
[    0.000000]   DMA32    [mem 0x0000000001000000-0x000000003ffeffff]
[    0.000000]   Normal   empty
[    0.000000]   Device   empty
[    0.000000] Movable zone start for each node
[    0.000000] Early memory node ranges
[    0.000000]   node   0: [mem 0x0000000000001000-0x000000000009efff]
[    0.000000]   node   0: [mem 0x0000000000100000-0x000000003ffeffff]
[    0.000000] Reserved but unavailable: 104 pages
[    0.000000] Initmem setup node 0 [mem 0x0000000000001000-0x000000003ffeffff]
[    0.000000] ACPI: PM-Timer IO Port: 0x4008
[    0.000000] IOAPIC[0]: apic_id 2, version 32, address 0xfec00000, GSI 0-23
[    0.000000] ACPI: INT_SRC_OVR (bus 0 bus_irq 0 global_irq 2 dfl dfl)
[    0.000000] ACPI: INT_SRC_OVR (bus 0 bus_irq 9 global_irq 9 low level)
[    0.000000] Using ACPI (MADT) for SMP configuration information
[    0.000000] smpboot: Allowing 2 CPUs, 0 hotplug CPUs
[    0.000000] PM: Registered nosave memory: [mem 0x00000000-0x00000fff]
[    0.000000] PM: Registered nosave memory: [mem 0x0009f000-0x0009ffff]
[    0.000000] PM: Registered nosave memory: [mem 0x000a0000-0x000effff]
[    0.000000] PM: Registered nosave memory: [mem 0x000f0000-0x000fffff]
[    0.000000] e820: [mem 0x40000000-0xfebfffff] available for PCI devices
[    0.000000] Booting paravirtualized kernel on KVM
[    0.000000] clocksource: refined-jiffies: mask: 0xffffffff max_cycles: 0xffffffff, max_idle_ns: 7645519600211568 ns
[    0.000000] random: get_random_bytes called from start_kernel+0x99/0x500 with crng_init=0
[    0.000000] setup_percpu: NR_CPUS:8192 nr_cpumask_bits:2 nr_cpu_ids:2 nr_node_ids:1
[    0.000000] percpu: Embedded 50 pages/cpu s167936 r8192 d28672 u1048576
[    0.000000] PV qspinlock hash table entries: 256 (order: 0, 4096 bytes)
[    0.000000] Built 1 zonelists, mobility grouping on.  Total pages: 257913
[    0.000000] Policy zone: DMA32
[    0.000000] Kernel command line: BOOT_IMAGE=/boot/vmlinuz-4.15.0-177-generic root=LABEL=cloudimg-rootfs ro console=tty1 console=ttyS0
[    0.000000] Memory: 982648K/1048120K available (12300K kernel code, 2484K rwdata, 4324K rodata, 2468K init, 2724K bss, 65472K reserved, 0K cma-reserved)
[    0.000000] SLUB: HWalign=64, Order=0-3, MinObjects=0, CPUs=2, Nodes=1
[    0.000000] Kernel/User page tables isolation: enabled
[    0.000000] ftrace: allocating 39506 entries in 155 pages
[    0.004000] Hierarchical RCU implementation.
[    0.004000] 	RCU restricting CPUs from NR_CPUS=8192 to nr_cpu_ids=2.
[    0.004000] 	Tasks RCU enabled.
[    0.004000] RCU: Adjusting geometry for rcu_fanout_leaf=16, nr_cpu_ids=2
[    0.004000] NR_IRQS: 524544, nr_irqs: 440, preallocated irqs: 16
[    0.004000] Console: colour VGA+ 80x25
[    0.004000] console [tty1] enabled
[    0.004000] console [ttyS0] enabled
[    0.004000] ACPI: Core revision 20170831
[    0.004000] ACPI: 2 ACPI AML tables successfully acquired and loaded
[    0.004000] APIC: Switch to symmetric I/O mode setup
[    0.004000] x2apic enabled
[    0.004008] Switched APIC routing to physical x2apic.
[    0.008000] ..TIMER: vector=0x30 apic1=0 pin1=2 apic2=-1 pin2=-1
[    0.008005] tsc: Detected 2194.918 MHz processor
[    0.010231] Calibrating delay loop (skipped) preset value.. 4389.83 BogoMIPS (lpj=8779672)
[    0.012010] pid_max: default: 32768 minimum: 301
[    0.016043] Security Framework initialized
[    0.020004] Yama: becoming mindful.
[    0.021580] AppArmor: AppArmor initialized
[    0.024169] Dentry cache hash table entries: 131072 (order: 8, 1048576 bytes)
[    0.025960] Inode-cache hash table entries: 65536 (order: 7, 524288 bytes)
[    0.027701] Mount-cache hash table entries: 2048 (order: 2, 16384 bytes)
[    0.028008] Mountpoint-cache hash table entries: 2048 (order: 2, 16384 bytes)
[    0.032723] Last level iTLB entries: 4KB 1024, 2MB 1024, 4MB 1024
[    0.034593] Last level dTLB entries: 4KB 1024, 2MB 1024, 4MB 1024, 1GB 4
[    0.036005] Spectre V1 : Mitigation: usercopy/swapgs barriers and __user pointer sanitization
[    0.039258] Spectre V2 : Mitigation: Retpolines
[    0.040003] Spectre V2 : Spectre v2 / SpectreRSB mitigation: Filling RSB on context switch
[    0.042021] Speculative Store Bypass: Vulnerable
[    0.044054] SRBDS: Unknown: Dependent on hypervisor status
[    0.045373] MDS: Mitigation: Clear CPU buffers
[    0.046596] Freeing SMP alternatives memory: 36K
[    0.158101] smpboot: CPU0: Intel(R) Core(TM) i7-4770HQ CPU @ 2.20GHz (family: 0x6, model: 0x46, stepping: 0x1)
[    0.160000] Performance Events: unsupported p6 CPU model 70 no PMU driver, software events only.
[    0.160040] Hierarchical SRCU implementation.
[    0.161855] NMI watchdog: Perf event create on CPU 0 failed with -2
[    0.164003] NMI watchdog: Perf NMI watchdog permanently disabled
[    0.168061] smp: Bringing up secondary CPUs ...
[    0.171534] x86: Booting SMP configuration:
[    0.172005] .... node  #0, CPUs:      #1
[    0.004000] kvm-clock: cpu 1, msr 0:3ff44041, secondary cpu clock
[    0.188097] smp: Brought up 1 node, 2 CPUs
[    0.189964] smpboot: Max logical packages: 1
[    0.191532] smpboot: Total of 2 processors activated (8779.67 BogoMIPS)
[    0.192171] devtmpfs: initialized
[    0.192998] x86/mm: Memory block size: 128MB
[    0.194352] evm: security.selinux
[    0.196005] evm: security.SMACK64
[    0.196794] evm: security.SMACK64EXEC
[    0.200003] evm: security.SMACK64TRANSMUTE
[    0.201158] evm: security.SMACK64MMAP
[    0.202196] evm: security.apparmor
[    0.203648] evm: security.ima
[    0.204003] evm: security.capability
[    0.205057] clocksource: jiffies: mask: 0xffffffff max_cycles: 0xffffffff, max_idle_ns: 7645041785100000 ns
[    0.208015] futex hash table entries: 512 (order: 3, 32768 bytes)
[    0.209501] pinctrl core: initialized pinctrl subsystem
[    0.212166] RTC time: 15:10:18, date: 05/24/22
[    0.214450] NET: Registered protocol family 16
[    0.216078] audit: initializing netlink subsys (disabled)
[    0.217835] audit: type=2000 audit(1653405025.983:1): state=initialized audit_enabled=0 res=1
[    0.220014] cpuidle: using governor ladder
[    0.220998] cpuidle: using governor menu
[    0.222017] ACPI: bus type PCI registered
[    0.224004] acpiphp: ACPI Hot Plug PCI Controller Driver version: 0.5
[    0.225673] PCI: Using configuration type 1 for base access
[    0.228885] HugeTLB registered 2.00 MiB page size, pre-allocated 0 pages
[    0.232083] ACPI: Added _OSI(Module Device)
[    0.233458] ACPI: Added _OSI(Processor Device)
[    0.236005] ACPI: Added _OSI(3.0 _SCP Extensions)
[    0.237403] ACPI: Added _OSI(Processor Aggregator Device)
[    0.238739] ACPI: Added _OSI(Linux-Dell-Video)
[    0.240012] ACPI: Added _OSI(Linux-Lenovo-NV-HDMI-Audio)
[    0.241409] ACPI: Added _OSI(Linux-HPI-Hybrid-Graphics)
[    0.242988] ACPI: Executed 1 blocks of module-level executable AML code
[    0.248529] ACPI: Interpreter enabled
[    0.249473] ACPI: (supports S0 S5)
[    0.250295] ACPI: Using IOAPIC for interrupt routing
[    0.252107] PCI: Using host bridge windows from ACPI; if necessary, use "pci=nocrs" and report a bug
[    0.256244] ACPI: Enabled 2 GPEs in block 00 to 07
[    0.265771] ACPI: PCI Root Bridge [PCI0] (domain 0000 [bus 00-ff])
[    0.267427] acpi PNP0A03:00: _OSC: OS supports [ASPM ClockPM Segments MSI]
[    0.268480] acpi PNP0A03:00: _OSC: not requesting OS control; OS requires [ExtendedConfig ASPM ClockPM MSI]
[    0.272017] acpi PNP0A03:00: fail to add MMCONFIG information, can't access extended PCI configuration space under this bridge.
[    0.276550] PCI host bridge to bus 0000:00
[    0.277627] pci_bus 0000:00: root bus resource [io  0x0000-0x0cf7 window]
[    0.280010] pci_bus 0000:00: root bus resource [io  0x0d00-0xffff window]
[    0.281866] pci_bus 0000:00: root bus resource [mem 0x000a0000-0x000bffff window]
[    0.284005] pci_bus 0000:00: root bus resource [mem 0x40000000-0xfdffffff window]
[    0.288004] pci_bus 0000:00: root bus resource [bus 00-ff]
[    0.292724] pci 0000:00:01.1: legacy IDE quirk: reg 0x10: [io  0x01f0-0x01f7]
[    0.294674] pci 0000:00:01.1: legacy IDE quirk: reg 0x14: [io  0x03f6]
[    0.296005] pci 0000:00:01.1: legacy IDE quirk: reg 0x18: [io  0x0170-0x0177]
[    0.300008] pci 0000:00:01.1: legacy IDE quirk: reg 0x1c: [io  0x0376]
[    0.319768] pci 0000:00:07.0: quirk: [io  0x4000-0x403f] claimed by PIIX4 ACPI
[    0.320025] pci 0000:00:07.0: quirk: [io  0x4100-0x410f] claimed by PIIX4 SMB
[    0.340727] ACPI: PCI Interrupt Link [LNKA] (IRQs 5 9 10 *11)
[    0.342694] ACPI: PCI Interrupt Link [LNKB] (IRQs 5 9 *10 11)
[    0.344164] ACPI: PCI Interrupt Link [LNKC] (IRQs 5 *9 10 11)
[    0.346079] ACPI: PCI Interrupt Link [LNKD] (IRQs 5 9 10 *11)
[    0.348477] SCSI subsystem initialized
[    0.349690] pci 0000:00:02.0: vgaarb: setting as boot VGA device
[    0.350025] pci 0000:00:02.0: vgaarb: VGA device added: decodes=io+mem,owns=io+mem,locks=none
[    0.352008] pci 0000:00:02.0: vgaarb: bridge control possible
[    0.356003] vgaarb: loaded
[    0.356729] ACPI: bus type USB registered
[    0.357809] usbcore: registered new interface driver usbfs
[    0.360043] usbcore: registered new interface driver hub
[    0.364015] usbcore: registered new device driver usb
[    0.366076] EDAC MC: Ver: 3.0.0
[    0.366076] PCI: Using ACPI for IRQ routing
[    0.368425] NetLabel: Initializing
[    0.370007] NetLabel:  domain hash size = 128
[    0.372003] NetLabel:  protocols = UNLABELED CIPSOv4 CALIPSO
[    0.373320] NetLabel:  unlabeled traffic allowed by default
[    0.376104] clocksource: Switched to clocksource kvm-clock
[    0.391588] VFS: Disk quotas dquot_6.6.0
[    0.393940] VFS: Dquot-cache hash table entries: 512 (order 0, 4096 bytes)
[    0.396062] AppArmor: AppArmor Filesystem Enabled
[    0.397722] pnp: PnP ACPI init
[    0.400409] pnp: PnP ACPI: found 3 devices
[    0.414892] clocksource: acpi_pm: mask: 0xffffff max_cycles: 0xffffff, max_idle_ns: 2085701024 ns
[    0.434801] NET: Registered protocol family 2
[    0.436651] IP idents hash table entries: 16384 (order: 5, 131072 bytes)
[    0.440338] TCP established hash table entries: 8192 (order: 4, 65536 bytes)
[    0.447562] TCP bind hash table entries: 8192 (order: 5, 131072 bytes)
[    0.450596] TCP: Hash tables configured (established 8192 bind 8192)
[    0.452677] UDP hash table entries: 512 (order: 2, 16384 bytes)
[    0.454053] UDP-Lite hash table entries: 512 (order: 2, 16384 bytes)
[    0.455709] NET: Registered protocol family 1
[    0.457080] pci 0000:00:00.0: Limiting direct PCI/PCI transfers
[    0.459924] pci 0000:00:01.0: Activating ISA DMA hang workarounds
[    0.461897] pci 0000:00:02.0: Video device with shadowed ROM at [mem 0x000c0000-0x000dffff]
[    0.465175] Unpacking initramfs...
[    0.860408] Freeing initrd memory: 19528K
[    0.861518] clocksource: tsc: mask: 0xffffffffffffffff max_cycles: 0x1fa37202099, max_idle_ns: 440795206796 ns
[    0.864899] platform rtc_cmos: registered platform RTC device (no PNP device found)
[    0.866871] Scanning for low memory corruption every 60 seconds
[    0.869106] Initialise system trusted keyrings
[    0.870396] Key type blacklist registered
[    0.871735] workingset: timestamp_bits=36 max_order=18 bucket_order=0
[    0.874792] zbud: loaded
[    0.876614] squashfs: version 4.0 (2009/01/31) Phillip Lougher
[    0.878804] fuse init (API version 7.26)
[    0.883470] Key type asymmetric registered
[    0.884489] Asymmetric key parser 'x509' registered
[    0.885779] Block layer SCSI generic (bsg) driver version 0.4 loaded (major 246)
[    0.887856] io scheduler noop registered
[    0.888904] io scheduler deadline registered
[    0.889949] io scheduler cfq registered (default)
[    0.892204] ACPI: AC Adapter [AC] (on-line)
[    0.893475] input: Power Button as /devices/LNXSYSTM:00/LNXPWRBN:00/input/input0
[    0.895464] ACPI: Power Button [PWRF]
[    0.896839] input: Sleep Button as /devices/LNXSYSTM:00/LNXSLPBN:00/input/input1
[    0.899638] ACPI: Sleep Button [SLPF]
[    0.902279] ACPI: Battery Slot [BAT0] (battery present)
[    0.903925] Serial: 8250/16550 driver, 32 ports, IRQ sharing enabled
[    0.927304] 00:02: ttyS0 at I/O 0x3f8 (irq = 4, base_baud = 115200) is a 16550A
[    0.932935] Linux agpgart interface v0.103
[    0.935794] loop: module loaded
[    0.937324] scsi host0: ata_piix
[    0.938468] scsi host1: ata_piix
[    0.939568] ata1: PATA max UDMA/33 cmd 0x1f0 ctl 0x3f6 bmdma 0xd000 irq 14
[    0.942654] ata2: PATA max UDMA/33 cmd 0x170 ctl 0x376 bmdma 0xd008 irq 15
[    0.944782] tun: Universal TUN/TAP device driver, 1.6
[    0.946375] PPP generic driver version 2.4.2
[    0.947996] ehci_hcd: USB 2.0 'Enhanced' Host Controller (EHCI) Driver
[    0.949898] ehci-pci: EHCI PCI platform driver
[    0.951442] ehci-platform: EHCI generic platform driver
[    0.952997] ohci_hcd: USB 1.1 'Open' Host Controller (OHCI) Driver
[    0.954645] ohci-pci: OHCI PCI platform driver
[    0.955823] ohci-platform: OHCI generic platform driver
[    0.958892] uhci_hcd: USB Universal Host Controller Interface driver
[    0.960799] i8042: PNP: PS/2 Controller [PNP0303:PS2K,PNP0f03:PS2M] at 0x60,0x64 irq 1,12
[    0.963732] serio: i8042 KBD port at 0x60,0x64 irq 1
[    0.965467] serio: i8042 AUX port at 0x60,0x64 irq 12
[    0.967221] mousedev: PS/2 mouse device common for all mice
[    0.969445] input: AT Translated Set 2 keyboard as /devices/platform/i8042/serio0/input/input2
[    0.971609] rtc_cmos rtc_cmos: rtc core: registered rtc_cmos as rtc0
[    0.973298] rtc_cmos rtc_cmos: alarms up to one day, 114 bytes nvram
[    0.976667] i2c /dev entries driver
[    0.977633] device-mapper: uevent: version 1.0.3
[    0.978977] device-mapper: ioctl: 4.37.0-ioctl (2017-09-20) initialised: dm-devel@redhat.com
[    0.981703] ledtrig-cpu: registered to indicate activity on CPUs
[    0.984294] NET: Registered protocol family 10
[    0.989057] Segment Routing with IPv6
[    0.990029] NET: Registered protocol family 17
[    0.993804] Key type dns_resolver registered
[    0.995276] mce: Using 0 MCE banks
[    0.996188] RAS: Correctable Errors collector initialized.
[    0.998220] sched_clock: Marking stable (996167616, 0)->(1310108744, -313941128)
[    1.000878] registered taskstats version 1
[    1.002016] Loading compiled-in X.509 certificates
[    1.005754] Loaded X.509 cert 'Build time autogenerated kernel key: bf7408fbf6fb1533149f8498a029058066c47156'
[    1.009882] Loaded X.509 cert 'Canonical Ltd. Live Patch Signing: 14df34d1a87cf37625abec039ef2bf521249b969'
[    1.012796] Loaded X.509 cert 'Canonical Ltd. Kernel Module Signing: 88f752e560a1e0737e31163a466ad7b70a850c19'
[    1.016281] blacklist: Loading compiled-in revocation X.509 certificates
[    1.017808] Loaded X.509 cert 'Canonical Ltd. Secure Boot Signing: 61482aa2830d0ab2ad5af10b7250da9033ddcef0'
[    1.020331] zswap: loaded using pool lzo/zbud
[    1.025461] Key type big_key registered
[    1.027040] Key type trusted registered
[    1.030965] Key type encrypted registered
[    1.032403] AppArmor: AppArmor sha1 policy hashing enabled
[    1.033735] ima: No TPM chip found, activating TPM-bypass! (rc=-19)
[    1.035285] ima: Allocated hash algorithm: sha1
[    1.037071] evm: HMAC attrs: 0x1
[    1.038405]   Magic number: 6:6:185
[    1.039528] rtc_cmos rtc_cmos: setting system clock to 2022-05-24 15:10:19 UTC (1653405019)
[    1.043662] BIOS EDD facility v0.16 2004-Jun-25, 0 devices found
[    1.045210] EDD information not available.
[    1.131021] Freeing unused kernel image memory: 2468K
[    1.144265] Write protecting the kernel read-only data: 20480k
[    1.148760] Freeing unused kernel image memory: 2008K
[    1.152797] Freeing unused kernel image memory: 1820K
[    1.162246] x86/mm: Checked W+X mappings: passed, no W+X pages found.
[    1.165397] x86/mm: Checking user space page tables
[    1.175402] x86/mm: Checked W+X mappings: passed, no W+X pages found.
Loading, please wait...
starting version 237
[    1.253465] e1000: Intel(R) PRO/1000 Network Driver - version 7.3.21-k8-NAPI
[    1.260180] e1000: Copyright (c) 1999-2006 Intel Corporation.
[    1.271355] Fusion MPT base driver 3.04.20
[    1.273159] Copyright (c) 1999-2008 LSI Corporation
[    1.289438] Fusion MPT SPI Host driver 3.04.20
[    1.301005] AVX2 version of gcm_enc/dec engaged.
[    1.302781] AES CTR mode by8 optimization enabled
[    1.525018] input: ImExPS/2 Generic Explorer Mouse as /devices/platform/i8042/serio1/input/input4
[    1.890312] e1000 0000:00:03.0 eth0: (PCI:33MHz:32-bit) 02:50:97:ae:47:44
[    1.894124] e1000 0000:00:03.0 eth0: Intel(R) PRO/1000 Network Connection
[    1.897250] mptbase: ioc0: Initiating bringup
[    3.243830] ioc0: LSI53C1030 A0: Capabilities={Initiator}
[    6.277605] scsi host2: ioc0: LSI53C1030 A0, FwRev=00000000h, Ports=1, MaxQ=256, IRQ=20
[    8.225862] scsi 2:0:0:0: Direct-Access     VBOX     HARDDISK         1.0  PQ: 0 ANSI: 5
[    8.451524] scsi target2:0:0: Beginning Domain Validation
[    8.483679] scsi target2:0:0: Domain Validation skipping write tests
[    8.485818] scsi target2:0:0: Ending Domain Validation
[    8.488240] scsi target2:0:0: asynchronous
[    8.492723] scsi 2:0:1:0: Direct-Access     VBOX     HARDDISK         1.0  PQ: 0 ANSI: 5
[    8.732542] scsi target2:0:1: Beginning Domain Validation
[    8.760548] random: fast init done
[    8.782551] scsi target2:0:1: Domain Validation skipping write tests
[    8.792962] scsi target2:0:1: Ending Domain Validation
[    8.794322] scsi target2:0:1: asynchronous
[    8.814256] random: systemd-udevd: uninitialized urandom read (16 bytes read)
[    8.817439] random: systemd-udevd: uninitialized urandom read (16 bytes read)
[    8.821432] random: systemd-udevd: uninitialized urandom read (16 bytes read)
[    8.826650] sd 2:0:0:0: Attached scsi generic sg0 type 0
[    8.836525] sd 2:0:0:0: [sda] 83886080 512-byte logical blocks: (42.9 GB/40.0 GiB)
[    8.840966] sd 2:0:1:0: Attached scsi generic sg1 type 0
[    8.849084] sd 2:0:1:0: [sdb] 20480 512-byte logical blocks: (10.5 MB/10.0 MiB)
[    8.854623] sd 2:0:0:0: [sda] Write Protect is off
[    8.858882] sd 2:0:1:0: [sdb] Write Protect is off
[    8.861339] sd 2:0:1:0: [sdb] Incomplete mode parameter data
[    8.873891] sd 2:0:1:0: [sdb] Assuming drive cache: write through
[    8.878330] sd 2:0:0:0: [sda] Incomplete mode parameter data
[    8.880579] sd 2:0:0:0: [sda] Assuming drive cache: write through
[    8.895000]  sda: sda1
[    8.905428] sd 2:0:1:0: [sdb] Attached SCSI disk
[    8.911655] sd 2:0:0:0: [sda] Attached SCSI disk
[    9.117386] e1000 0000:00:08.0 eth1: (PCI:33MHz:32-bit) 08:00:27:cf:79:0c
[    9.142570] e1000 0000:00:08.0 eth1: Intel(R) PRO/1000 Network Connection
[    9.586532] e1000 0000:00:09.0 eth2: (PCI:33MHz:32-bit) 08:00:27:7c:ba:4a
[    9.588457] e1000 0000:00:09.0 eth2: Intel(R) PRO/1000 Network Connection
[    9.592014] e1000 0000:00:08.0 enp0s8: renamed from eth1
[    9.612395] e1000 0000:00:09.0 enp0s9: renamed from eth2
[    9.672381] e1000 0000:00:03.0 enp0s3: renamed from eth0
Begin: Loading essential drivers ... [   11.189561] raid6: sse2x1   gen()  9540 MB/s
[   11.236103] raid6: sse2x1   xor()  6770 MB/s
[   11.290538] raid6: sse2x2   gen() 10247 MB/s
[   11.340345] raid6: sse2x2   xor()  3793 MB/s
[   11.392286] raid6: sse2x4   gen()  5116 MB/s
[   11.444138] raid6: sse2x4   xor()  2545 MB/s
[   11.493488] raid6: avx2x1   gen()  9173 MB/s
[   11.544380] raid6: avx2x1   xor()  4963 MB/s
[   11.592520] raid6: avx2x2   gen() 13532 MB/s
[   11.640072] raid6: avx2x2   xor() 10237 MB/s
[   11.688057] raid6: avx2x4   gen() 23727 MB/s
[   11.736075] raid6: avx2x4   xor() 14522 MB/s
[   11.737083] raid6: using algorithm avx2x4 gen() 23727 MB/s
[   11.738492] raid6: .... xor() 14522 MB/s, rmw enabled
[   11.739630] raid6: using avx2x2 recovery algorithm
[   11.742746] xor: automatically using best checksumming function   avx       
[   11.745405] async_tx: api initialized (async)
done.
Begin: Running /scripts/init-premount ... done.
Begin: Mounting root file system ... Begin: Running /scripts/local-top ... done.
Begin: Running /scripts/local-premount ... [   11.797769] Btrfs loaded, crc32c=crc32c-intel
Scanning for Btrfs filesystems
done.
Warning: fsck not present, so skipping root file system
[   11.841300] EXT4-fs (sda1): mounted filesystem with ordered data mode. Opts: (null)
done.
Begin: Running /scripts/local-bottom ... done.
Begin: Running /scripts/init-bottom ... done.
[   12.218389] ip_tables: (C) 2000-2006 Netfilter Core Team
[   12.248991] systemd[1]: systemd 237 running in system mode. (+PAM +AUDIT +SELINUX +IMA +APPARMOR +SMACK +SYSVINIT +UTMP +LIBCRYPTSETUP +GCRYPT +GNUTLS +ACL +XZ +LZ4 +SECCOMP +BLKID +ELFUTILS +KMOD -IDN2 +IDN -PCRE2 default-hierarchy=hybrid)
[   12.263857] systemd[1]: Detected virtualization oracle.
[   12.267691] systemd[1]: Detected architecture x86-64.

Welcome to [1mUbuntu 18.04.6 LTS[0m!

[   12.329313] systemd[1]: Set hostname to <ubuntu>.
[   12.356471] systemd[1]: Initializing machine ID from random generator.
[   12.364306] systemd[1]: Installed transient /etc/machine-id file.
[   12.883919] systemd[1]: Set up automount Arbitrary Executable File Formats File System Automount Point.
[[0;32m  OK  [0m] Set up automount Arbitrary Executab…rmats File System Automount Point.
[   12.895050] systemd[1]: Started Forward Password Requests to Wall Directory Watch.
[[0;32m  OK  [0m] Started Forward Password Requests to Wall Directory Watch.
[   12.903294] systemd[1]: Reached target System Time Synchronized.
[[0;32m  OK  [0m] Reached target System Time Synchronized.
[   12.910736] systemd[1]: Reached target User and Group Name Lookups.
[[0;32m  OK  [0m] Reached target User and Group Name Lookups.
[[0;32m  OK  [0m] Created slice System Slice.
[[0;32m  OK  [0m] Listening on Network Service Netlink Socket.
[[0;32m  OK  [0m] Listening on Journal Socket.
[[0;32m  OK  [0m] Listening on udev Kernel Socket.
[[0;32m  OK  [0m] Listening on fsck to fsckd communication Socket.
[[0;32m  OK  [0m] Listening on Device-mapper event daemon FIFOs.
[[0;32m  OK  [0m] Listening on /dev/initctl Compatibility Named Pipe.
         Starting File System Check on Root Device...
[[0;32m  OK  [0m] Listening on Journal Audit Socket.
[[0;32m  OK  [0m] Created slice system-serial\x2dgetty.slice.
[[0;32m  OK  [0m] Listening on LVM2 poll daemon socket.
         Starting Load Kernel Modules...
[[0;32m  OK  [0m] Listening on LVM2 metadata daemon socket.
[[0;32m  OK  [0m] Reached target Swap.
         Mounting Huge Pages File System...
         Mounting POSIX Message Queue File System...
[   13.104795] Loading iSCSI transport class v2.0-870.
         Starting Create list of required st…ce nodes for the current kernel...
         Mounting Kernel Debug File System...
[[0;32m  OK  [0m] Listening on udev Control Socket.
         Starting udev Coldplug all Devices...
         Starting Uncomplicated firewall...
[   13.138214] iscsi: registered transport (tcp)
         Starting Set the console keyboard layout...
[[0;32m  OK  [0m] Created slice User and Session Slice.
[[0;32m  OK  [0m] Reached target Slices.
[[0;32m  OK  [0m] Listening on Syslog Socket.
[[0;32m  OK  [0m] Listening on Journal Socket (/dev/log).
         Starting Journal Service...
         Starting Monitoring of LVM2 mirrors…ng dmeventd or progress polling...
[[0;32m  OK  [0m] Started File System Check on Root Device.
[[0;32m  OK  [0m] Mounted Huge Pages File System.
[[0;32m  OK  [0m] Mounted POSIX Message Queue File System.
[[0;32m  OK  [0m] Started Create list of required sta…vice nodes for the current kernel.
[[0;32m  OK  [0m] Mounted Kernel Debug File System.
[[0;32m  OK  [0m] Started Uncomplicated firewall.
[[0;32m  OK  [0m] Started File System Check Daemon to report status.
         Starting Create Static Device Nodes in /dev...
         Starting Remount Root and Kernel File Systems...
[[0;32m  OK  [0m] Started LVM2 metadata daemon.
[   13.369380] iscsi: registered transport (iser)
[[0;32m  OK  [0m] Started Load Kernel Modules.
         Mounting Kernel Configuration File System...
         Starting Apply Kernel Variables...
         Mounting FUSE Control File System...
[[0;32m  OK  [0m] Mounted Kernel Configuration File System.
[[0;32m  OK  [0m] Mounted FUSE Control File System.
[[0;32m  OK  [0m] Started udev Coldplug all Devices.
[[0;32m  OK  [0m] Started Journal Service.
[[0;32m  OK  [0m] Started Create Static Device Nodes in /dev.
[[0;32m  OK  [0m] Started Remount Root and Kernel File Systems.
         Starting Flush Journal to Persistent Storage...
         Starting Load/Save Random Seed...
         Starting udev Kernel Device Manager...
[[0;32m  OK  [0m] Started Apply Kernel Variables.
[[0;32m  OK  [0m] Started Load/Save Random Seed.
[[0;32m  OK  [0m] Started Monitoring of LVM2 mirrors,…sing dmeventd or progress polling.
[[0;32m  OK  [0m] Started udev Kernel Device Manager.
[[0;32m  OK  [0m] Started Flush Journal to Persistent Storage.
[[0;32m  OK  [0m] Found device /dev/ttyS0.
[[0;32m  OK  [0m] Listening on Load/Save RF Kill Switch Status /dev/rfkill Watch.
[[0;32m  OK  [0m] Started Set the console keyboard layout.
[[0;32m  OK  [0m] Reached target Local File Systems (Pre).
[[0;32m  OK  [0m] Reached target Local File Systems.
         Starting AppArmor initialization...
         Starting Tell Plymouth To Write Out Runtime Data...
         Starting Commit a transient machine-id on disk...
         Starting Set console font and keymap...
         Starting ebtables ruleset management...
         Starting Create Volatile Files and Directories...
[[0;32m  OK  [0m] Started Dispatch Password Requests to Console Directory Watch.
[[0;32m  OK  [0m] Reached target Local Encrypted Volumes.
[[0;32m  OK  [0m] Started Tell Plymouth To Write Out Runtime Data.
[[0;32m  OK  [0m] Started Create Volatile Files and Directories.
         Starting Update UTMP about System Boot/Shutdown...
[[0;32m  OK  [0m] Started Update UTMP about System Boot/Shutdown.
[[0;32m  OK  [0m] Started Commit a transient machine-id on disk.
[[0;32m  OK  [0m] Started ebtables ruleset management.
[[0;32m  OK  [0m] Started AppArmor initialization.
         Starting Load AppArmor profiles managed internally by snapd...
         Starting Initial cloud-init job (pre-networking)...
[[0;32m  OK  [0m] Started Load AppArmor profiles managed internally by snapd.
[[0;32m  OK  [0m] Started Set console font and keymap.
[   18.585891] cloud-init[832]: Cloud-init v. 22.1-14-g2e17a0d6-0ubuntu1~18.04.3 running 'init-local' at Tue, 24 May 2022 15:10:36 +0000. Up 18.10 seconds.
[[0;32m  OK  [0m] Started Initial cloud-init job (pre-networking).
[[0;32m  OK  [0m] Reached target Network (Pre).
         Starting Network Service...
[[0;32m  OK  [0m] Started Network Service.
         Starting Network Name Resolution...
         Starting Wait for Network to be Configured...
[[0;32m  OK  [0m] Started Network Name Resolution.
[[0;32m  OK  [0m] Reached target Network.
[[0;32m  OK  [0m] Reached target Host and Network Name Lookups.
[[0;32m  OK  [0m] Started Wait for Network to be Configured.
         Starting Initial cloud-init job (metadata service crawler)...
[   22.915205] cloud-init[980]: Cloud-init v. 22.1-14-g2e17a0d6-0ubuntu1~18.04.3 running 'init' at Tue, 24 May 2022 15:10:40 +0000. Up 22.39 seconds.
[   22.960628] cloud-init[980]: ci-info: ++++++++++++++++++++++++++++++++++++++Net device info+++++++++++++++++++++++++++++++++++++++
[   22.964705] cloud-init[980]: ci-info: +--------+-------+----------------------------+---------------+--------+-------------------+
[   22.969569] cloud-init[980]: ci-info: | Device |   Up  |          Address           |      Mask     | Scope  |     Hw-Address    |
[   22.974936] cloud-init[980]: ci-info: +--------+-------+----------------------------+---------------+--------+-------------------+
[   22.980452] cloud-init[980]: ci-info: | enp0s3 |  True |         10.0.2.15          | 255.255.255.0 | global | 02:50:97:ae:47:44 |
[   22.984878] cloud-init[980]: ci-info: | enp0s3 |  True | fe80::50:97ff:feae:4744/64 |       .       |  link  | 02:50:97:ae:47:44 |
[   22.991465] cloud-init[980]: ci-info: | enp0s8 | False |             .              |       .       |   .    | 08:00:27:cf:79:0c |
[   22.999084] cloud-init[980]: ci-info: | enp0s9 | False |             .              |       .       |   .    | 08:00:27:7c:ba:4a |
[   23.003325] cloud-init[980]: ci-info: |   lo   |  True |         127.0.0.1          |   255.0.0.0   |  host  |         .         |
[   23.008279] cloud-init[980]: ci-info: |   lo   |  True |          ::1/128           |       .       |  host  |         .         |
[   23.011439] cloud-init[980]: ci-info: +--------+-------+----------------------------+---------------+--------+-------------------+
[   23.015299] cloud-init[980]: ci-info: ++++++++++++++++++++++++++++Route IPv4 info+++++++++++++++++++++++++++++
[   23.020692] cloud-init[980]: ci-info: +-------+-------------+----------+-----------------+-----------+-------+
[   23.024042] cloud-init[980]: ci-info: | Route | Destination | Gateway  |     Genmask     | Interface | Flags |
[   23.029300] cloud-init[980]: ci-info: +-------+-------------+----------+-----------------+-----------+-------+
[   23.044609] cloud-init[980]: ci-info: |   0   |   0.0.0.0   | 10.0.2.2 |     0.0.0.0     |   enp0s3  |   UG  |
[   23.047452] cloud-init[980]: ci-info: |   1   |   10.0.2.0  | 0.0.0.0  |  255.255.255.0  |   enp0s3  |   U   |
[   23.052549] cloud-init[980]: ci-info: |   2   |   10.0.2.2  | 0.0.0.0  | 255.255.255.255 |   enp0s3  |   UH  |
[   23.058069] cloud-init[980]: ci-info: +-------+-------------+----------+-----------------+-----------+-------+
[   23.061988] cloud-init[980]: ci-info: +++++++++++++++++++Route IPv6 info+++++++++++++++++++
[   23.064665] cloud-init[980]: ci-info: +-------+-------------+---------+-----------+-------+
[   23.069761] cloud-init[980]: ci-info: | Route | Destination | Gateway | Interface | Flags |
[   23.084594] cloud-init[980]: ci-info: +-------+-------------+---------+-----------+-------+
[   23.087391] cloud-init[980]: ci-info: |   1   |  fe80::/64  |    ::   |   enp0s3  |   U   |
[   23.090104] cloud-init[980]: ci-info: |   3   |    local    |    ::   |   enp0s3  |   U   |
[   23.092780] cloud-init[980]: ci-info: |   4   |   ff00::/8  |    ::   |   enp0s3  |   U   |
[   23.095019] cloud-init[980]: ci-info: +-------+-------------+---------+-----------+-------+
[   24.370133] cloud-init[980]: Generating public/private rsa key pair.
[   24.374884] cloud-init[980]: Your identification has been saved in /etc/ssh/ssh_host_rsa_key.
[   24.381870] cloud-init[980]: Your public key has been saved in /etc/ssh/ssh_host_rsa_key.pub.
[   24.390212] cloud-init[980]: The key fingerprint is:
[   24.392496] cloud-init[980]: SHA256:NvxpAPeaoN+SjP96x/a2q+W+z21T1/IO/6yoduaR6mM root@ubuntu-bionic
[   24.397340] cloud-init[980]: The key's randomart image is:
[   24.400191] cloud-init[980]: +---[RSA 2048]----+
[   24.402465] cloud-init[980]: |                 |
[   24.405127] cloud-init[980]: |                 |
[   24.407095] cloud-init[980]: |      . .        |
[   24.409372] cloud-init[980]: |       + .       |
[   24.413405] cloud-init[980]: |      . S .     .|
[   24.415706] cloud-init[980]: |     . o * . .. +|
[   24.418239] cloud-init[980]: |    .o .o.+ + .oo|
[   24.421892] cloud-init[980]: |    ..+...E+++ *o|
[   24.424336] cloud-init[980]: |     .+=o*=@X=++O|
[   24.427950] cloud-init[980]: +----[SHA256]-----+
[   24.431241] cloud-init[980]: Generating public/private dsa key pair.
[   24.435415] cloud-init[980]: Your identification has been saved in /etc/ssh/ssh_host_dsa_key.
[   24.438908] cloud-init[980]: Your public key has been saved in /etc/ssh/ssh_host_dsa_key.pub.
[   24.443749] cloud-init[980]: The key fingerprint is:
[   24.447700] cloud-init[980]: SHA256:5BxcaAmKdHnrZ/Bq0V/ylz7vyIXvVgxUrf+vIhsnqSg root@ubuntu-bionic
[   24.464376] cloud-init[980]: The key's randomart image is:
[   24.477474] cloud-init[980]: +---[DSA 1024]----+
[   24.488231] cloud-init[980]: |  . .... o.    .o|
[   24.500450] cloud-init[980]: | . o....+.    . .|
[   24.502245] cloud-init[980]: |  . .. o+    . . |
[   24.504151] cloud-init[980]: |      o+ .    o  |
[   24.506172] cloud-init[980]: |     . +S      + |
[   24.507441] cloud-init[980]: |      o = ...  .+|
[   24.509612] cloud-init[980]: |       = .++. ..+|
[   24.512196] cloud-init[980]: |    E o. .o+o.++o|
[   24.524608] cloud-init[980]: |     o. . .o +=BB|
[   24.525905] cloud-init[980]: +----[SHA256]-----+
[   24.527535] cloud-init[980]: Generating public/private ecdsa key pair.
[   24.530924] cloud-init[980]: Your identification has been saved in /etc/ssh/ssh_host_ecdsa_key.
[   24.544847] cloud-init[980]: Your public key has been saved in /etc/ssh/ssh_host_ecdsa_key.pub.
[   24.547648] cloud-init[980]: The key fingerprint is:
[   24.560416] cloud-init[980]: SHA256:Vnvngm4t6xIauurlOa9AGRcFPpiX1CEtEBxpY+5Fdw0 root@ubuntu-bionic
[   24.563667] cloud-init[980]: The key's randomart image is:
[   24.565227] cloud-init[980]: +---[ECDSA 256]---+
[   24.566063] cloud-init[980]: | .+===o.Eo       |
[   24.566679] cloud-init[980]: |  *=o++ . .      |
[[   24.566769] [0;32m  OK  [0mcloud-init] [980]: Started Initial cloud-init job (metadata service crawler).| ++o*o .  .      |

[   24.569668] cloud-init[980]: |  .=..   . .     |
[   24.569799] cloud-init[980]: | .o.    S . . .  |
[   24.569885] cloud-init[980]: | ..   ...  o o   |
[   24.569982] cloud-init[980]: |  . .. o .... .  |
[   24.570066] cloud-init[980]: |   +o.. ..o ..   |
[[0;32m  OK  [0m] Reached target Cloud-config availability.
[[   24.570299] [0;32m  OK  [0mcloud-init] [980]: Reached target System Initialization.| .o.==.  ++o     |

[   24.593417] cloud-init[980]: +----[SHA256]-----+
[   24.594138] cloud-init[980]: Generating public/private ed25519 key pair.
[[   24.596010] cloud-init[980]: Your identification has been saved in /etc/ssh/ssh_host_ed25519_key.
[0;32m  OK  [0m] Listening on D-Bus System Message Bus Socket.
[[0;32m  OK  [0m] Listening on UUID daemon activation socket.
[   24.603189] cloud-init[980]: Your public key has been saved in /etc/ssh/ssh_host_ed25519_key.pub.
[   24.619753] cloud-init[980]: The key fingerprint is:
[   24.620632] cloud-init[980]: SHA256:ipqL69Kf+GrzmTKv8AnScxWYIGPWEHHW0eU7fMb3BZE root@ubuntu-bionic
[   24.636286] cloud-init[980]: The key's randomart image is:
[   24.637282] cloud-init[980]: +--[ED25519 256]--+
[   24.638366] cloud-init[980]: |o**o..o ..    .. |
[[   24.638492] [0;32m  OK  [0mcloud-init] [980]: Started Daily Cleanup of Temporary Directories.|oooo + ..     E. |

[[0;32m  OK  [0m] Started Trigger to poll for Ubuntu …(Only enabled on GCP LTS non-pro).
[   24.641882] cloud-init[980]: |    o .  .    .  |
[[0;32m  OK  [0m[   24.646399] ] cloud-initStarted Message of the Day.[980]: 
|       .. o    . |
[   24.649192] cloud-init[980]: |      . S+ + .  .|
[   24.649791] cloud-init[980]: | .   o .  + . . .|
[   24.650573] cloud-init[980]: |+.o o .        . |
[   24.651312] cloud-init[980]: |o=*B +           |
[[   24.664855] [0;32m  OK  [0mcloud-init] [980]: Listening on ACPID Listen Socket.|=+X%O            |

[   24.667488] cloud-init[980]: +----[SHA256]-----+
[[0;32m  OK  [0m] Started ACPI Events Check.
[[0;32m  OK  [0m] Reached target Paths.
[[0;32m  OK  [0m] Started Ubuntu Advantage Timer for running repeated jobs.
[[0;32m  OK  [0m] Started Daily apt download activities.
[[0;32m  OK  [0m] Started Daily apt upgrade and clean activities.
         Starting Socket activation for snappy daemon.
[[0;32m  OK  [0m] Listening on Open-iSCSI iscsid Socket.
[[0;32m  OK  [0m] Started Discard unused blocks once a week.
[[0;32m  OK  [0m] Reached target Timers.
[[0;32m  OK  [0m] Listening on cloud-init hotplug hook socket.
         Starting LXD - unix socket.
[[0;32m  OK  [0m] Reached target Network is Online.
         Starting Availability of block devices...
[[0;32m  OK  [0m] Reached target Remote File Systems (Pre).
[[0;32m  OK  [0m] Reached target Remote File Systems.
[[0;32m  OK  [0m] Listening on Socket activation for snappy daemon.
[[0;32m  OK  [0m] Listening on LXD - unix socket.
[[0;32m  OK  [0m] Started Availability of block devices.
[[0;32m  OK  [0m] Reached target Sockets.
[[0;32m  OK  [0m] Reached target Basic System.
[[0;32m  OK  [0m] Started D-Bus System Message Bus.
[[0;32m  OK  [0m] Started Deferred execution scheduler.
         Starting LSB: Record successful boot for GRUB...
         Starting LSB: automatic crash report generation...
         Starting Virtualbox guest utils...
         Starting System Logging Service...
         Starting Permit User Sessions...
         Starting LXD - container startup/shutdown...
         Starting Login Service...
[[0;32m  OK  [0m] Started Regular background program processing daemon.
         Starting Dispatcher daemon for systemd-networkd...
[[0;32m  OK  [0m] Started FUSE filesystem for LXC.
         Starting Pollinate to seed the pseudo random number generator...
         Starting Accounts Service...
[[0;32m  OK  [0m] Started irqbalance daemon.
         Starting Snap Daemon...
[[0;32m  OK  [0m] Started System Logging Service.
[[0;32m  OK  [0m] Started Permit User Sessions.
[[0;32m  OK  [0m] Started LXD - container startup/shutdown.
[[0;32m  OK  [0m] Started Login Service.
         Starting Authorization Manager...
[[0;32m  OK  [0m] Started Unattended Upgrades Shutdown.
         Starting Terminate Plymouth Boot Screen...
         Starting Hold until boot process finishes up...
[[0;32m  OK  [0m] Started Hold until boot process finishes up.
[[0;32m  OK  [0m] Started Terminate Plymouth Boot Screen.
         Starting Set console scheme...
[[0;32m  OK  [0m] Started Serial Getty on ttyS0.
[[0;32m  OK  [0m] Started LSB: automatic crash report generation.
[[0;32m  OK  [0m] Started Set console scheme.
[[0;32m  OK  [0m] Created slice system-getty.slice.
[[0;32m  OK  [0m] Started Getty on tty1.
[[0;32m  OK  [0m] Reached target Login Prompts.
[[0;32m  OK  [0m] Started LSB: Record successful boot for GRUB.
[[0;32m  OK  [0m] Started Authorization Manager.
[[0;32m  OK  [0m] Started Virtualbox guest utils.
[[0;32m  OK  [0m] Started Accounts Service.
[[0;32m  OK  [0m] Started Dispatcher daemon for systemd-networkd.
[[0;32m  OK  [0m] Started Snap Daemon.
         Starting Wait until snapd is fully seeded...
         Starting Time & Date Service...
[[0;32m  OK  [0m] Started Time & Date Service.
[[0;32m  OK  [0m] Started Pollinate to seed the pseudo random number generator.
         Starting OpenBSD Secure Shell server...
[[0;32m  OK  [0m] Started OpenBSD Secure Shell server.
[[0;32m  OK  [0m] Created slice User Slice of vagrant.
         Starting User Manager for UID 1000...
[[0;32m  OK  [0m] Started Session 1 of user vagrant.
[[0;32m  OK  [0m] Started User Manager for UID 1000.
[[0;32m  OK  [0m] Started Wait until snapd is fully seeded.
         Starting Apply the settings specified in cloud-config...
[[0;32m  OK  [0m] Reached target Multi-User System.
[[0;32m  OK  [0m] Reached target Graphical Interface.
         Starting Update UTMP about System Runlevel Changes...
[[0;32m  OK  [0m] Started Update UTMP about System Runlevel Changes.
[   29.721618] cloud-init[1549]: Cloud-init v. 22.1-14-g2e17a0d6-0ubuntu1~18.04.3 running 'modules:config' at Tue, 24 May 2022 15:10:47 +0000. Up 28.76 seconds.
[[0;32m  OK  [0m] Started Apply the settings specified in cloud-config.
         Starting Execute cloud user/final scripts...
ci-info: no authorized SSH keys fingerprints found for user ubuntu.
<14>May 24 15:10:49 cloud-init: #############################################################
<14>May 24 15:10:49 cloud-init: -----BEGIN SSH HOST KEY FINGERPRINTS-----
<14>May 24 15:10:49 cloud-init: 1024 SHA256:5BxcaAmKdHnrZ/Bq0V/ylz7vyIXvVgxUrf+vIhsnqSg root@ubuntu-bionic (DSA)
<14>May 24 15:10:49 cloud-init: 256 SHA256:Vnvngm4t6xIauurlOa9AGRcFPpiX1CEtEBxpY+5Fdw0 root@ubuntu-bionic (ECDSA)
<14>May 24 15:10:49 cloud-init: 256 SHA256:ipqL69Kf+GrzmTKv8AnScxWYIGPWEHHW0eU7fMb3BZE root@ubuntu-bionic (ED25519)
<14>May 24 15:10:49 cloud-init: 2048 SHA256:NvxpAPeaoN+SjP96x/a2q+W+z21T1/IO/6yoduaR6mM root@ubuntu-bionic (RSA)
<14>May 24 15:10:49 cloud-init: -----END SSH HOST KEY FINGERPRINTS-----
<14>May 24 15:10:49 cloud-init: #############################################################
-----BEGIN SSH HOST KEY KEYS-----
ecdsa-sha2-nistp256 AAAAE2VjZHNhLXNoYTItbmlzdHAyNTYAAAAIbmlzdHAyNTYAAABBBLNolUn1j4E8Vc+lz0TXrJmbWOF+HK8uufcE8ac9BOWQIXx/hwbGukCuWlJrpJEiMbgvNkNk9FWKVo3rUBzKYi0= root@ubuntu-bionic
ssh-ed25519 AAAAC3NzaC1lZDI1NTE5AAAAIBUFIC+bCYgltn8aUoWA5xZx1vKBWt5d75mLE7bndf6o root@ubuntu-bionic
ssh-rsa AAAAB3NzaC1yc2EAAAADAQABAAABAQDsUqrnsGq03qXTeLqPmna8nstipEJh7rz87htdcGHgRU5QotaZxNZ3LPN97MbJ3dVBBBa/UtGUAoLsG3oBZ3eODO+JZHfJKbk0Hp0vtWdH6Arap3jhlKoYlIutdIpCMAZzekigj9UVWIMkfSPX4WG8z0760Q8ClK3jtVDO+MqCXCENjxV04EvNPNd/v4v4mNBPpd7hg0lkpnQ0dd7yLFvxUu0Bq+rT3hx59BaPsjJecOP2dbBstifi8nySUyLudA8+Lg/bt8VR5KZo8RLkKlj19fjqlJ8WiWy/WXx9mRKGfo3F1P6twVYp0nQZZECCBqtd7Dbj1GMjMPGyPJo02dq3 root@ubuntu-bionic
-----END SSH HOST KEY KEYS-----
[   31.029409] cloud-init[1669]: Cloud-init v. 22.1-14-g2e17a0d6-0ubuntu1~18.04.3 running 'modules:final' at Tue, 24 May 2022 15:10:49 +0000. Up 30.73 seconds.
[   31.029508] cloud-init[1669]: Cloud-init v. 22.1-14-g2e17a0d6-0ubuntu1~18.04.3 finished at Tue, 24 May 2022 15:10:49 +0000. Datasource DataSourceNoCloud [seed=/dev/sdb][dsmode=net].  Up 31.01 seconds

Ubuntu 18.04.6 LTS ubuntu-bionic ttyS0

ubuntu-bionic login: 